This is pdfTeX, Version 3.1415926-1.40.10 (MiKTeX 2.8) (preloaded format=pdflatex 2012.6.22)  26 JUN 2012 14:45
entering extended mode
**D:/CSED/GP/Documentation/trunk/Thesis.tex
(D:/CSED/GP/Documentation/trunk/Thesis.tex
LaTeX2e <2009/09/24>
Babel <v3.8l> and hyphenation patterns for english, dumylang, nohyphenation, ge
rman, ngerman, german-x-2009-06-19, ngerman-x-2009-06-19, french, loaded.
(D:\CSED\GP\Documentation\trunk\Thesis.cls
Document Class: Thesis 2007/22/02 v1.0 LaTeX document class
("C:\Program Files\MiKTeX 2.8\tex\latex\base\book.cls"
Document Class: book 2007/10/19 v1.4h Standard LaTeX document class
("C:\Program Files\MiKTeX 2.8\tex\latex\base\bk11.clo"
File: bk11.clo 2007/10/19 v1.4h Standard LaTeX file (size option)
)
\c@part=\count79
\c@chapter=\count80
\c@section=\count81
\c@subsection=\count82
\c@subsubsection=\count83
\c@paragraph=\count84
\c@subparagraph=\count85
\c@figure=\count86
\c@table=\count87
\abovecaptionskip=\skip41
\belowcaptionskip=\skip42
\bibindent=\dimen102
)
(D:\CSED\GP\Documentation\trunk\setspace.sty
Package: setspace 2000/12/01 6.7 Contributed and Supported LaTeX2e package

Package: `setspace' 6.7 <2000/12/01>
) (D:\CSED\GP\Documentation\trunk\vmargin.sty
Package: vmargin 1999/06/01

Package `vmargin', V2.2, <1999/06/01>
\PaperWidth=\dimen103
\PaperHeight=\dimen104
) (D:\CSED\GP\Documentation\trunk\fancyhdr.sty
\fancy@headwidth=\skip43
\f@ncyO@elh=\skip44
\f@ncyO@erh=\skip45
\f@ncyO@olh=\skip46
\f@ncyO@orh=\skip47
\f@ncyO@elf=\skip48
\f@ncyO@erf=\skip49
\f@ncyO@olf=\skip50
\f@ncyO@orf=\skip51
)
("C:\Program Files\MiKTeX 2.8\tex\latex\ams\math\amsmath.sty"
Package: amsmath 2000/07/18 v2.13 AMS math features
\@mathmargin=\skip52

For additional information on amsmath, use the `?' option.
("C:\Program Files\MiKTeX 2.8\tex\latex\ams\math\amstext.sty"
Package: amstext 2000/06/29 v2.01

("C:\Program Files\MiKTeX 2.8\tex\latex\ams\math\amsgen.sty"
File: amsgen.sty 1999/11/30 v2.0
\@emptytoks=\toks14
\ex@=\dimen105
))
("C:\Program Files\MiKTeX 2.8\tex\latex\ams\math\amsbsy.sty"
Package: amsbsy 1999/11/29 v1.2d
\pmbraise@=\dimen106
)
("C:\Program Files\MiKTeX 2.8\tex\latex\ams\math\amsopn.sty"
Package: amsopn 1999/12/14 v2.01 operator names
)
\inf@bad=\count88
LaTeX Info: Redefining \frac on input line 211.
\uproot@=\count89
\leftroot@=\count90
LaTeX Info: Redefining \overline on input line 307.
\classnum@=\count91
\DOTSCASE@=\count92
LaTeX Info: Redefining \ldots on input line 379.
LaTeX Info: Redefining \dots on input line 382.
LaTeX Info: Redefining \cdots on input line 467.
\Mathstrutbox@=\box26
\strutbox@=\box27
\big@size=\dimen107
LaTeX Font Info:    Redeclaring font encoding OML on input line 567.
LaTeX Font Info:    Redeclaring font encoding OMS on input line 568.
\macc@depth=\count93
\c@MaxMatrixCols=\count94
\dotsspace@=\muskip10
\c@parentequation=\count95
\dspbrk@lvl=\count96
\tag@help=\toks15
\row@=\count97
\column@=\count98
\maxfields@=\count99
\andhelp@=\toks16
\eqnshift@=\dimen108
\alignsep@=\dimen109
\tagshift@=\dimen110
\tagwidth@=\dimen111
\totwidth@=\dimen112
\lineht@=\dimen113
\@envbody=\toks17
\multlinegap=\skip53
\multlinetaggap=\skip54
\mathdisplay@stack=\toks18
LaTeX Info: Redefining \[ on input line 2666.
LaTeX Info: Redefining \] on input line 2667.
)
("C:\Program Files\MiKTeX 2.8\tex\latex\amsfonts\amsfonts.sty"
Package: amsfonts 2009/06/22 v3.00 Basic AMSFonts support
\symAMSa=\mathgroup4
\symAMSb=\mathgroup5
LaTeX Font Info:    Overwriting math alphabet `\mathfrak' in version `bold'
(Font)                  U/euf/m/n --> U/euf/b/n on input line 96.
)
("C:\Program Files\MiKTeX 2.8\tex\latex\amsfonts\amssymb.sty"
Package: amssymb 2009/06/22 v3.00
)
("C:\Program Files\MiKTeX 2.8\tex\latex\ams\math\amscd.sty"
Package: amscd 1999/11/29 v2.0
\athelp@=\toks19
\minaw@=\dimen114
\bigaw@=\dimen115
\minCDarrowwidth=\dimen116
)
("C:\Program Files\MiKTeX 2.8\tex\latex\ams\classes\amsthm.sty"
Package: amsthm 2004/08/06 v2.20
\thm@style=\toks20
\thm@bodyfont=\toks21
\thm@headfont=\toks22
\thm@notefont=\toks23
\thm@headpunct=\toks24
\thm@preskip=\skip55
\thm@postskip=\skip56
\thm@headsep=\skip57
\dth@everypar=\toks25
)
("C:\Program Files\MiKTeX 2.8\tex\latex\tools\xspace.sty"
Package: xspace 2006/05/08 v1.12 Space after command names (DPC,MH)
)
\c@example=\count100
\c@theorem=\count101

(D:\CSED\GP\Documentation\trunk\caption.sty
Package: caption 2004/05/16 v3.0b Customising captions (AS)
\captionmargin=\dimen117
\captionwidth=\dimen118
\captionindent=\dimen119
\captionparindent=\dimen120
\captionhangindent=\dimen121

("C:\Program Files\MiKTeX 2.8\tex\latex\graphics\keyval.sty"
Package: keyval 1999/03/16 v1.13 key=value parser (DPC)
\KV@toks@=\toks26
))
("C:\Program Files\MiKTeX 2.8\tex\latex\graphics\graphicx.sty"
Package: graphicx 1999/02/16 v1.0f Enhanced LaTeX Graphics (DPC,SPQR)

("C:\Program Files\MiKTeX 2.8\tex\latex\graphics\graphics.sty"
Package: graphics 2009/02/05 v1.0o Standard LaTeX Graphics (DPC,SPQR)

("C:\Program Files\MiKTeX 2.8\tex\latex\graphics\trig.sty"
Package: trig 1999/03/16 v1.09 sin cos tan (DPC)
)
("C:\Program Files\MiKTeX 2.8\tex\latex\00miktex\graphics.cfg"
File: graphics.cfg 2007/01/18 v1.5 graphics configuration of teTeX/TeXLive
)
Package graphics Info: Driver file: pdftex.def on input line 91.

("C:\Program Files\MiKTeX 2.8\tex\latex\pdftex-def\pdftex.def"
File: pdftex.def 2010/02/14 v0.04n Graphics/color for pdfTeX
\Gread@gobject=\count102
))
\Gin@req@height=\dimen122
\Gin@req@width=\dimen123
)
("C:\Program Files\MiKTeX 2.8\tex\latex\oberdiek\epstopdf.sty"
Package: epstopdf 2010/02/09 v2.5 Conversion with epstopdf on the fly (HO)

("C:\Program Files\MiKTeX 2.8\tex\latex\oberdiek\epstopdf-base.sty"
Package: epstopdf-base 2010/02/09 v2.5 Base part for package epstopdf

("C:\Program Files\MiKTeX 2.8\tex\generic\oberdiek\infwarerr.sty"
Package: infwarerr 2010/04/08 v1.3 Providing info/warning/message (HO)
)
("C:\Program Files\MiKTeX 2.8\tex\latex\oberdiek\grfext.sty"
Package: grfext 2007/09/30 v1.0 Managing graphics extensions (HO)
)
("C:\Program Files\MiKTeX 2.8\tex\latex\oberdiek\kvoptions.sty"
Package: kvoptions 2010/02/22 v3.7 Keyval support for LaTeX options (HO)

("C:\Program Files\MiKTeX 2.8\tex\generic\oberdiek\kvsetkeys.sty"
Package: kvsetkeys 2010/03/01 v1.9 Key value parser (HO)

("C:\Program Files\MiKTeX 2.8\tex\generic\oberdiek\etexcmds.sty"
Package: etexcmds 2010/01/28 v1.3 Prefix for e-TeX command names (HO)
Package etexcmds Info: Could not find \expanded.
(etexcmds)             That can mean that you are not using pdfTeX 1.50 or
(etexcmds)             that some package has redefined \expanded.
(etexcmds)             In the latter case, load this package earlier.
)))
("C:\Program Files\MiKTeX 2.8\tex\generic\oberdiek\pdftexcmds.sty"
Package: pdftexcmds 2010/04/01 v0.9 Utility functions of pdfTeX for LuaTeX (HO)


("C:\Program Files\MiKTeX 2.8\tex\generic\oberdiek\ifluatex.sty"
Package: ifluatex 2010/03/01 v1.3 Provides the ifluatex switch (HO)
Package ifluatex Info: LuaTeX not detected.
)
("C:\Program Files\MiKTeX 2.8\tex\generic\oberdiek\ltxcmds.sty"
Package: ltxcmds 2010/04/08 v1.5 LaTeX kernel commands for general use (HO)
)
Package pdftexcmds Info: LuaTeX not detected.
Package pdftexcmds Info: \pdf@primitive is available.
Package pdftexcmds Info: \pdf@ifprimitive is available.
)
Package grfext Info: Graphics extension search list:
(grfext)             [.png,.pdf,.jpg,.mps,.jpeg,.jbig2,.jb2,.PNG,.PDF,.JPG,.JPE
G,.JBIG2,.JB2,.eps]
(grfext)             \AppendGraphicsExtensions on input line 436.
))
(D:\CSED\GP\Documentation\trunk\subfigure.sty
Package: subfigure 1995/03/06 v2.0 subfigure package

Package: subfigure 1995/03/06 v2.0
\c@subfigure=\count103
\c@lofdepth=\count104
\c@subtable=\count105
\c@lotdepth=\count106
) (D:\CSED\GP\Documentation\trunk\booktabs.sty
Package: booktabs 2005/04/14 v1.61803 publication quality tables
\heavyrulewidth=\dimen124
\lightrulewidth=\dimen125
\cmidrulewidth=\dimen126
\belowrulesep=\dimen127
\belowbottomsep=\dimen128
\aboverulesep=\dimen129
\abovetopsep=\dimen130
\cmidrulesep=\dimen131
\cmidrulekern=\dimen132
\defaultaddspace=\dimen133
\@cmidla=\count107
\@cmidlb=\count108
\@aboverulesep=\dimen134
\@belowrulesep=\dimen135
\@thisruleclass=\count109
\@lastruleclass=\count110
\@thisrulewidth=\dimen136
)
(D:\CSED\GP\Documentation\trunk\rotating.sty
Package: rotating 1995/08/22 2.10 Rotation package

("C:\Program Files\MiKTeX 2.8\tex\latex\base\ifthen.sty"
Package: ifthen 2001/05/26 v1.1c Standard LaTeX ifthen package (DPC)
)
\r@tfl@t=\count111
\rot@float@box=\box28
)
(D:\CSED\GP\Documentation\trunk\listings.sty
\lst@mode=\count112
\lst@gtempboxa=\box29
\lst@token=\toks27
\lst@length=\count113
\lst@currlwidth=\dimen137
\lst@column=\count114
\lst@pos=\count115
\lst@lostspace=\dimen138
\lst@width=\dimen139
\lst@newlines=\count116
\lst@lineno=\count117
\lst@maxwidth=\dimen140

("C:\Program Files\MiKTeX 2.8\tex\latex\listings\lstmisc.sty"
File: lstmisc.sty 2007/02/22 1.4 (Carsten Heinz)
\c@lstnumber=\count118
\lst@skipnumbers=\count119
\lst@framebox=\box30
)
("C:\Program Files\MiKTeX 2.8\tex\latex\listings\listings.cfg"
File: listings.cfg 2007/02/22 1.4 listings configuration
))
Package: listings 2007/02/22 1.4 (Carsten Heinz)

(D:\CSED\GP\Documentation\trunk\lstpatch.sty

***
*** This is a patch for listings 1.3, but you're using
*** version 1.4.
***
 *** Patch file not loaded.
***

) ("C:\Program Files\MiKTeX 2.8\tex\latex\hyperref\hyperref.sty"
Package: hyperref 2010/03/30 v6.80u Hypertext links for LaTeX

("C:\Program Files\MiKTeX 2.8\tex\generic\oberdiek\pdfescape.sty"
Package: pdfescape 2010/03/01 v1.9 Provides hex, PDF name and string conversion
s (HO)
)
("C:\Program Files\MiKTeX 2.8\tex\generic\oberdiek\ifpdf.sty"
Package: ifpdf 2010/01/28 v2.1 Provides the ifpdf switch (HO)
Package ifpdf Info: pdfTeX in pdf mode detected.
)
("C:\Program Files\MiKTeX 2.8\tex\generic\oberdiek\ifvtex.sty"
Package: ifvtex 2010/03/01 v1.5 Switches for detecting VTeX and its modes (HO)
Package ifvtex Info: VTeX not detected.
)
("C:\Program Files\MiKTeX 2.8\tex\latex\ifxetex\ifxetex.sty"
Package: ifxetex 2009/01/23 v0.5 Provides ifxetex conditional
)
("C:\Program Files\MiKTeX 2.8\tex\latex\oberdiek\hycolor.sty"
Package: hycolor 2009/12/12 v1.6 Color options of hyperref/bookmark (HO)

("C:\Program Files\MiKTeX 2.8\tex\latex\oberdiek\xcolor-patch.sty"
Package: xcolor-patch 2009/12/12 xcolor patch
))
("C:\Program Files\MiKTeX 2.8\tex\latex\oberdiek\letltxmacro.sty"
Package: letltxmacro 2008/06/24 v1.3 Let assignment for LaTeX macros (HO)
)
\@linkdim=\dimen141
\Hy@linkcounter=\count120
\Hy@pagecounter=\count121

("C:\Program Files\MiKTeX 2.8\tex\latex\hyperref\pd1enc.def"
File: pd1enc.def 2010/03/30 v6.80u Hyperref: PDFDocEncoding definition (HO)
)
("C:\Program Files\MiKTeX 2.8\tex\generic\oberdiek\intcalc.sty"
Package: intcalc 2007/09/27 v1.1 Expandable integer calculations (HO)
)
("C:\Program Files\MiKTeX 2.8\tex\latex\00miktex\hyperref.cfg"
File: hyperref.cfg 2002/06/06 v1.2 hyperref configuration of TeXLive
)
Package hyperref Info: Option `bookmarks' set `true' on input line 3528.
Package hyperref Info: Option `bookmarksopen' set `true' on input line 3528.
Package hyperref Info: Option `bookmarksnumbered' set `true' on input line 3528
.
Package hyperref Info: Option `hypertexnames' set `false' on input line 3528.
Package hyperref Info: Option `colorlinks' set `true' on input line 3528.
Package hyperref Info: Option `unicode' set `true' on input line 3528.

("C:\Program Files\MiKTeX 2.8\tex\latex\hyperref\puenc.def"
File: puenc.def 2010/03/30 v6.80u Hyperref: PDF Unicode definition (HO)
)
Package hyperref Info: Option `breaklinks' set `true' on input line 3528.
Package hyperref Info: Hyper figures OFF on input line 3609.
Package hyperref Info: Link nesting OFF on input line 3614.
Package hyperref Info: Hyper index ON on input line 3617.
Package hyperref Info: Plain pages OFF on input line 3624.
Package hyperref Info: Backreferencing OFF on input line 3629.

Implicit mode ON; LaTeX internals redefined
Package hyperref Info: Bookmarks ON on input line 3825.
("C:\Program Files\MiKTeX 2.8\tex\latex\ltxmisc\url.sty"
\Urlmuskip=\muskip11
Package: url 2006/04/12  ver 3.3  Verb mode for urls, etc.
)
LaTeX Info: Redefining \url on input line 4105.

("C:\Program Files\MiKTeX 2.8\tex\generic\oberdiek\bitset.sty"
Package: bitset 2007/09/28 v1.0 Data type bit set (HO)

("C:\Program Files\MiKTeX 2.8\tex\generic\oberdiek\bigintcalc.sty"
Package: bigintcalc 2007/11/11 v1.1 Expandable big integer calculations (HO)
))
\Fld@menulength=\count122
\Field@Width=\dimen142
\Fld@charsize=\dimen143
\Field@toks=\toks28
Package hyperref Info: Hyper figures OFF on input line 5083.
Package hyperref Info: Link nesting OFF on input line 5088.
Package hyperref Info: Hyper index ON on input line 5091.
Package hyperref Info: backreferencing OFF on input line 5098.
Package hyperref Info: Link coloring ON on input line 5101.
Package hyperref Info: Link coloring with OCG OFF on input line 5108.
Package hyperref Info: PDF/A mode OFF on input line 5113.
LaTeX Info: Redefining \ref on input line 5153.
LaTeX Info: Redefining \pageref on input line 5157.

("C:\Program Files\MiKTeX 2.8\tex\generic\oberdiek\atbegshi.sty"
Package: atbegshi 2010/03/25 v1.12 At begin shipout hook (HO)
)
\Hy@abspage=\count123
\c@Item=\count124
\c@Hfootnote=\count125
)
* hyperref using default driver hpdftex *
("C:\Program Files\MiKTeX 2.8\tex\latex\hyperref\hpdftex.def"
File: hpdftex.def 2010/03/30 v6.80u Hyperref driver for pdfTeX

("C:\Program Files\MiKTeX 2.8\tex\latex\oberdiek\atveryend.sty"
Package: atveryend 2010/03/24 v1.5 Hooks at very end of document (HO)
Package atveryend Info: \enddocument detected (standard).
)
\Fld@listcount=\count126
\c@bookmark@seq@number=\count127

("C:\Program Files\MiKTeX 2.8\tex\latex\oberdiek\rerunfilecheck.sty"
Package: rerunfilecheck 2010/03/16 v1.6 Rerun checks for auxiliary files (HO)

("C:\Program Files\MiKTeX 2.8\tex\generic\oberdiek\uniquecounter.sty"
Package: uniquecounter 2009/12/18 v1.1 Provides unlimited unique counter (HO)
)
Package uniquecounter Info: New unique counter `rerunfilecheck' on input line 2
71.
)
\Hy@SectionHShift=\skip58
)
\c@dummy=\count128

("C:\Program Files\MiKTeX 2.8\tex\latex\tools\longtable.sty"
Package: longtable 2004/02/01 v4.11 Multi-page Table package (DPC)
\LTleft=\skip59
\LTright=\skip60
\LTpre=\skip61
\LTpost=\skip62
\LTchunksize=\count129
\LTcapwidth=\dimen144
\LT@head=\box31
\LT@firsthead=\box32
\LT@foot=\box33
\LT@lastfoot=\box34
\LT@cols=\count130
\LT@rows=\count131
\c@LT@tables=\count132
\c@LT@chunks=\count133
\LT@p@ftn=\toks29
))
(C:\Users\ahmed.elbagoury\AppData\Roaming\MiKTeX\2.8\tex\latex\arabtex\arabtex.
sty
(C:\Users\ahmed.elbagoury\AppData\Roaming\MiKTeX\2.8\tex\latex\arabtex\aconfig.
sty
LaTeX2e detected 
BABEL detected
\a@moduledate=\count134
\a@maindate=\count135
)
(C:\Users\ahmed.elbagoury\AppData\Roaming\MiKTeX\2.8\tex\latex\arabtex\arabaux.
sty)
(C:\Users\ahmed.elbagoury\AppData\Roaming\MiKTeX\2.8\tex\latex\arabtex\acmd.sty
)
(C:\Users\ahmed.elbagoury\AppData\Roaming\MiKTeX\2.8\tex\latex\arabtex\afonts.s
ty
(C:\Users\ahmed.elbagoury\AppData\Roaming\MiKTeX\2.8\tex\latex\arabtex\afonts2.
sty))
(C:\Users\ahmed.elbagoury\AppData\Roaming\MiKTeX\2.8\tex\latex\arabtex\ascan.st
y (ArabTeX) scanner for code `arabtex' installed.
(ArabTeX) input encoding set to ArabTeX standard conventions.)
(C:\Users\ahmed.elbagoury\AppData\Roaming\MiKTeX\2.8\tex\latex\arabtex\aparse.s
ty)
(C:\Users\ahmed.elbagoury\AppData\Roaming\MiKTeX\2.8\tex\latex\arabtex\awrite.s
ty
(C:\Users\ahmed.elbagoury\AppData\Roaming\MiKTeX\2.8\tex\latex\arabtex\xarbsymb
.sty)
(C:\Users\ahmed.elbagoury\AppData\Roaming\MiKTeX\2.8\tex\latex\arabtex\arabskel
.sty)
(C:\Users\ahmed.elbagoury\AppData\Roaming\MiKTeX\2.8\tex\latex\arabtex\xarbskel
.sty)
(C:\Users\ahmed.elbagoury\AppData\Roaming\MiKTeX\2.8\tex\latex\arabtex\aboxes.s
ty)
(C:\Users\ahmed.elbagoury\AppData\Roaming\MiKTeX\2.8\tex\latex\arabtex\arabtoks
.sty)
(C:\Users\ahmed.elbagoury\AppData\Roaming\MiKTeX\2.8\tex\latex\arabtex\arabchrs
.sty))
(C:\Users\ahmed.elbagoury\AppData\Roaming\MiKTeX\2.8\tex\latex\arabtex\aligs.st
y)
(C:\Users\ahmed.elbagoury\AppData\Roaming\MiKTeX\2.8\tex\latex\arabtex\aoutput.
sty)
(C:\Users\ahmed.elbagoury\AppData\Roaming\MiKTeX\2.8\tex\latex\arabtex\abidir.s
ty)
(C:\Users\ahmed.elbagoury\AppData\Roaming\MiKTeX\2.8\tex\latex\arabtex\atrans.s
ty (ArabTeX) ZDMG transliteration.)
(C:\Users\ahmed.elbagoury\AppData\Roaming\MiKTeX\2.8\tex\latex\arabtex\alatex.s
ty
(C:\Users\ahmed.elbagoury\AppData\Roaming\MiKTeX\2.8\tex\latex\arabtex\afoot.st
y))
(C:\Users\ahmed.elbagoury\AppData\Roaming\MiKTeX\2.8\tex\latex\arabtex\abjad.st
y)
(C:\Users\ahmed.elbagoury\AppData\Roaming\MiKTeX\2.8\tex\latex\arabtex\apatch.s
ty
(C:\Users\ahmed.elbagoury\AppData\Roaming\MiKTeX\2.8\tex\latex\arabtex\alists.s
ty)
(C:\Users\ahmed.elbagoury\AppData\Roaming\MiKTeX\2.8\tex\latex\arabtex\asect.st
y)
(C:\Users\ahmed.elbagoury\AppData\Roaming\MiKTeX\2.8\tex\latex\arabtex\atabg.st
y)
(C:\Users\ahmed.elbagoury\AppData\Roaming\MiKTeX\2.8\tex\latex\arabtex\alocal.s
ty (ArabTeX) 3.11 local stub, 26.02.2006))
Arabic processor `ArabTeX' [20060702 patch level 3.11s (02.07.2006)]
(ArabTeX) ... now be patient ... )
(C:\Users\ahmed.elbagoury\AppData\Roaming\MiKTeX\2.8\tex\latex\arabtex\utf8.sty

(C:\Users\ahmed.elbagoury\AppData\Roaming\MiKTeX\2.8\tex\latex\arabtex\utfcode.
sty
Package: utfcode 2002/03/07  3.10a Arabic+Hebrew segment of UTF-8
\u@lb=\count165
\u@lq=\count166
)
Package: utf8 2000/06/13  3.10 UTF-8 input encoding 
 (ArabTeX) scanner for code UTF-8 installed.)
(D:\CSED\GP\Documentation\trunk\natbib.sty
Package: natbib 1998/07/14 6.8c (PWD)
\bibhang=\skip65
\bibsep=\skip66
LaTeX Info: Redefining \cite on input line 467.
\c@NAT@ctr=\count167
)
Package hyperref Info: Option `colorlinks' set `true' on input line 30.

(D:\CSED\GP\Documentation\trunk\Thesis.aux

LaTeX Warning: Label `table:3' multiply defined.


LaTeX Warning: Label `fig:arch_1' multiply defined.


LaTeX Warning: Label `fig:mitosis_3' multiply defined.


LaTeX Warning: Label `fig:mitosis_4' multiply defined.


LaTeX Warning: Label `fig:mitosis_5' multiply defined.


LaTeX Warning: Label `eq:13' multiply defined.


LaTeX Warning: Label `eq:13' multiply defined.

)
LaTeX Font Info:    Checking defaults for OML/cmm/m/it on input line 33.
LaTeX Font Info:    ... okay on input line 33.
LaTeX Font Info:    Checking defaults for T1/cmr/m/n on input line 33.
LaTeX Font Info:    ... okay on input line 33.
LaTeX Font Info:    Checking defaults for OT1/cmr/m/n on input line 33.
LaTeX Font Info:    ... okay on input line 33.
LaTeX Font Info:    Checking defaults for OMS/cmsy/m/n on input line 33.
LaTeX Font Info:    ... okay on input line 33.
LaTeX Font Info:    Checking defaults for OMX/cmex/m/n on input line 33.
LaTeX Font Info:    ... okay on input line 33.
LaTeX Font Info:    Checking defaults for U/cmr/m/n on input line 33.
LaTeX Font Info:    ... okay on input line 33.
LaTeX Font Info:    Checking defaults for PD1/pdf/m/n on input line 33.
LaTeX Font Info:    ... okay on input line 33.
LaTeX Font Info:    Checking defaults for PU/pdf/m/n on input line 33.
LaTeX Font Info:    ... okay on input line 33.
 ("C:\Program Files\MiKTeX 2.8\tex\latex\ms\ragged2e.sty"
Package: ragged2e 2009/05/21 v2.1 ragged2e Package (MS)

("C:\Program Files\MiKTeX 2.8\tex\latex\ms\everysel.sty"
Package: everysel 2011/10/28 v1.2 EverySelectfont Package (MS)

ABD: EverySelectfont initializing macros
LaTeX Info: Redefining \selectfont on input line 126.
)
\CenteringLeftskip=\skip67
\RaggedLeftLeftskip=\skip68
\RaggedRightLeftskip=\skip69
\CenteringRightskip=\skip70
\RaggedLeftRightskip=\skip71
\RaggedRightRightskip=\skip72
\CenteringParfillskip=\skip73
\RaggedLeftParfillskip=\skip74
\RaggedRightParfillskip=\skip75
\JustifyingParfillskip=\skip76
\CenteringParindent=\skip77
\RaggedLeftParindent=\skip78
\RaggedRightParindent=\skip79
\JustifyingParindent=\skip80
)
Package caption Info: listings package v1.2 (or newer) detected on input line 3
3.
Package caption Info: longtable package v3.15 (or newer) detected on input line
 33.
Package caption Info: rotating package v2.0 (or newer) detected on input line 3
3.

("C:\Program Files\MiKTeX 2.8\tex\context\base\supp-pdf.tex"
[Loading MPS to PDF converter (version 2006.09.02).]
\scratchcounter=\count168
\scratchdimen=\dimen167
\scratchbox=\box50
\nofMPsegments=\count169
\nofMParguments=\count170
\everyMPshowfont=\toks50
\MPscratchCnt=\count171
\MPscratchDim=\dimen168
\MPnumerator=\count172
\everyMPtoPDFconversion=\toks51
)
\c@lstlisting=\count173
\AtBeginShipoutBox=\box51
 ("C:\Program Files\MiKTeX 2.8\tex\latex\graphics\color.sty"
Package: color 2005/11/14 v1.0j Standard LaTeX Color (DPC)

("C:\Program Files\MiKTeX 2.8\tex\latex\00miktex\color.cfg"
File: color.cfg 2007/01/18 v1.5 color configuration of teTeX/TeXLive
)
Package color Info: Driver file: pdftex.def on input line 130.
)
Package hyperref Info: Link coloring ON on input line 33.

("C:\Program Files\MiKTeX 2.8\tex\latex\hyperref\nameref.sty"
Package: nameref 2010/01/25 v2.36 Cross-referencing by name of section

("C:\Program Files\MiKTeX 2.8\tex\latex\oberdiek\refcount.sty"
Package: refcount 2008/08/11 v3.1 Data extraction from references (HO)
)
("C:\Program Files\MiKTeX 2.8\tex\generic\oberdiek\gettitlestring.sty"
Package: gettitlestring 2009/12/18 v1.3 Cleanup title references (HO)
)
\c@section@level=\count174
)
LaTeX Info: Redefining \ref on input line 33.
LaTeX Info: Redefining \pageref on input line 33.

(D:\CSED\GP\Documentation\trunk\Thesis.out)
(D:\CSED\GP\Documentation\trunk\Thesis.out)
\@outlinefile=\write5

(C:\Users\ahmed.elbagoury\AppData\Roaming\MiKTeX\2.8\tex\latex\arabtex\apatch.s
ty
\a@lines=\count175
\a@Lwidth=\dimen169
\a@displaywidth=\dimen170

(C:\Users\ahmed.elbagoury\AppData\Roaming\MiKTeX\2.8\tex\latex\arabtex\alocal.s
ty (ArabTeX) 3.11 local stub, 26.02.2006)
(ArabTeX) version 3.11s (02.07.2006): second phase of patching)
(ArabTeX) input encoding set to UTF-8 conventions
LaTeX Font Info:    Try loading font information for U+msa on input line 70.

("C:\Program Files\MiKTeX 2.8\tex\latex\amsfonts\umsa.fd"
File: umsa.fd 2009/06/22 v3.00 AMS symbols A
)
LaTeX Font Info:    Try loading font information for U+msb on input line 70.

("C:\Program Files\MiKTeX 2.8\tex\latex\amsfonts\umsb.fd"
File: umsb.fd 2009/06/22 v3.00 AMS symbols B
) [1



{C:/Users/ahmed.elbagoury/AppData/Local/MiKTeX/2.8/pdftex/config/pdftex.map}] [
1]
------------------------------------------------------------------------------
 Abstract Page
------------------------------------------------------------------------------
[2

]
------------------------------------------------------------------------------
 Acknowledgements
------------------------------------------------------------------------------
[3

]
------------------------------------------------------------------------------
 Table of Contents
------------------------------------------------------------------------------
(D:\CSED\GP\Documentation\trunk\Thesis.toc
Missing character: There is no ‚ in font cmr10!
Missing character: There is no Ä in font cmr10!
Missing character: There is no ê in font cmr10!
Missing character: There is no ‚ in font cmr10!
Missing character: There is no Ä in font cmr10!
Missing character: There is no ê in font cmr10!
Missing character: There is no ‚ in font cmr10!
Missing character: There is no Ä in font cmr10!
Missing character: There is no ê in font cmr10!
Missing character: There is no ‚ in font cmr10!
Missing character: There is no Ä in font cmr10!
Missing character: There is no ê in font cmr10!
Missing character: There is no ‚ in font cmr10!
Missing character: There is no Ä in font cmr10!
Missing character: There is no ê in font cmr10!
 [4


] [5] [6])
\tf@toc=\write6
 [7]
------------------------------------------------------------------------------
 List of Figures
------------------------------------------------------------------------------
(D:\CSED\GP\Documentation\trunk\Thesis.lof
Missing character: There is no ‚ in font cmr10!
Missing character: There is no Ä in font cmr10!
Missing character: There is no ò in font cmr10!
Missing character: There is no ‚ in font cmr10!
Missing character: There is no Ä in font cmr10!
Missing character: There is no ô in font cmr10!
Missing character: There is no ‚ in font cmr10!
Missing character: There is no Ä in font cmr10!
Missing character: There is no ò in font cmr10!
Missing character: There is no ‚ in font cmr10!
Missing character: There is no Ä in font cmr10!
Missing character: There is no ô in font cmr10!
)
\tf@lof=\write7
 [8


]
------------------------------------------------------------------------------
 List of Tables
------------------------------------------------------------------------------
(D:\CSED\GP\Documentation\trunk\Thesis.lot)
\tf@lot=\write8
 [9


]
------------------------------------------------------------------------------
 Abbreviations
------------------------------------------------------------------------------
[10



]
------------------------------------------------------------------------------
 Physical Constants
------------------------------------------------------------------------------
[11



]
------------------------------------------------------------------------------
 Symbols
------------------------------------------------------------------------------
[12



]
------------------------------------------------------------------------------
 Dedicatory
------------------------------------------------------------------------------
[13

] (D:\CSED\GP\Documentation\trunk\Chapters\Chapter1.tex
Chapter 1.
------------------------------------------------------------------------------
 1 Introduction
------------------------------------------------------------------------------
Missing character: There is no ‚ in font cmr10!
Missing character: There is no Ä in font cmr10!
Missing character: There is no ô in font cmr10!
[1



]
LaTeX Font Info:    Try loading font information for OMS+cmr on input line 22.
 ("C:\Program Files\MiKTeX 2.8\tex\latex\base\omscmr.fd"
File: omscmr.fd 1999/05/25 v2.5h Standard LaTeX font definitions
)
LaTeX Font Info:    Font shape `OMS/cmr/m/n' in size <10.95> not available
(Font)              Font shape `OMS/cmsy/m/n' tried instead on input line 22.
)
(D:\CSED\GP\Documentation\trunk\Chapters\Chapter2.tex [2]
Chapter 2.
------------------------------------------------------------------------------
 2 Literature
------------------------------------------------------------------------------
<./Figures/clustering.png, id=849, 420.82219pt x 173.14688pt>
File: ./Figures/clustering.png Graphic file (type png)

<use ./Figures/clustering.png>
Missing character: There is no ‚ in font cmr10!
Missing character: There is no Ä in font cmr10!
Missing character: There is no ô in font cmr10!
 [3

 <D:/CSED/GP/Documentation/trunk/Figures/clustering.png>] [4]
Missing character: There is no ‚ in font cmr10!
Missing character: There is no Ä in font cmr10!
Missing character: There is no ô in font cmr10!

Underfull \hbox (badness 10000) in paragraph at lines 84--85

 []


Underfull \hbox (badness 10000) in paragraph at lines 86--90

 []

[5]
Missing character: There is no ‚ in font cmr10!
Missing character: There is no Ä in font cmr10!
Missing character: There is no ú in font cmr10!
Missing character: There is no ‚ in font cmr10!
Missing character: There is no Ä in font cmr10!
Missing character: There is no ù in font cmr10!

Underfull \hbox (badness 10000) in paragraph at lines 91--93

 []


Underfull \hbox (badness 10000) in paragraph at lines 94--95

 []

[6] [7]
Missing character: There is no ‚ in font cmbx10!
Missing character: There is no Ä in font cmbx10!
Missing character: There is no ê in font cmbx10!
Missing character: There is no ‚ in font cmr10!
Missing character: There is no Ä in font cmr10!
Missing character: There is no ô in font cmr10!
Missing character: There is no ‚ in font cmr10!
Missing character: There is no Ä in font cmr10!
Missing character: There is no ô in font cmr10!
 [8]
Missing character: There is no ‚ in font cmr10!
Missing character: There is no Ä in font cmr10!
Missing character: There is no ô in font cmr10!
Missing character: There is no ‚ in font cmr10!
Missing character: There is no Ä in font cmr10!
Missing character: There is no ô in font cmr10!
Missing character: There is no ‚ in font cmbx10!
Missing character: There is no Ä in font cmbx10!
Missing character: There is no ê in font cmbx10!
Missing character: There is no ‚ in font cmr10!
Missing character: There is no Ä in font cmr10!
Missing character: There is no ô in font cmr10!
 [9]
Missing character: There is no ‚ in font cmbx12!
Missing character: There is no Ä in font cmbx12!
Missing character: There is no ê in font cmbx12!
Missing character: There is no ‚ in font cmbx12!
Missing character: There is no Ä in font cmbx12!
Missing character: There is no ê in font cmbx12!
Missing character: There is no ‚ in font cmbx12!
Missing character: There is no Ä in font cmbx12!
Missing character: There is no ê in font cmbx12!
Missing character: There is no ‚ in font cmr10!
Missing character: There is no Ä in font cmr10!
Missing character: There is no ô in font cmr10!
Missing character: There is no ‚ in font cmr10!
Missing character: There is no Ä in font cmr10!
Missing character: There is no ô in font cmr10!
 [10]) (D:\CSED\GP\Documentation\trunk\Chapters\Chapter3.tex
[11]
Chapter 3.
------------------------------------------------------------------------------
 3 System Architecture
------------------------------------------------------------------------------
<./Figures/arch_1.png, id=894, 794.97pt x 614.295pt>
File: ./Figures/arch_1.png Graphic file (type png)

<use ./Figures/arch_1.png>
Missing character: There is no ‚ in font cmr10!
Missing character: There is no Ä in font cmr10!
Missing character: There is no ô in font cmr10!
 [12

]
<./Figures/arch_2.png, id=901, 1000.03612pt x 665.3357pt>
File: ./Figures/arch_2.png Graphic file (type png)

<use ./Figures/arch_2.png>

LaTeX Warning: Float too large for page by 39.21565pt on input line 40.

<./Figures/arch_3.png, id=902, 959.08313pt x 488.57532pt>
File: ./Figures/arch_3.png Graphic file (type png)

<use ./Figures/arch_3.png> [13 <D:/CSED/GP/Documentation/trunk/Figures/arch_1.p
ng (PNG copy)>]
Missing character: There is no ‚ in font cmr10!
Missing character: There is no Ä in font cmr10!
Missing character: There is no ô in font cmr10!
 [14] [15]
Missing character: There is no ¬ in font cmr10!
Missing character: There is no í in font cmr10!

Overfull \hbox (17.07057pt too wide) in paragraph at lines 98--100
[]\OT1/cmr/m/n/10.95 A sim-ple im-ple-men-ta-tion: just ap-pends x to the end o
f y, up-dates all back-to-representative
 []

<./Figures/Mitosis_3.png, id=920, 437.38406pt x 140.77594pt>
File: ./Figures/Mitosis_3.png Graphic file (type png)

<use ./Figures/Mitosis_3.png>
<./Figures/Mitosis_4.png, id=921, 702.37407pt x 115.93312pt>
File: ./Figures/Mitosis_4.png Graphic file (type png)

<use ./Figures/Mitosis_4.png>
Overfull \hbox (19.09303pt too wide) in paragraph at lines 108--121
[][]   [] 
 []

Missing character: There is no ¬ in font cmr10!
Missing character: There is no í in font cmr10!
<./Figures/Mitosis_5.png, id=922, 959.08313pt x 488.57532pt>
File: ./Figures/Mitosis_5.png Graphic file (type png)

<use ./Figures/Mitosis_5.png>
Overfull \hbox (498.24529pt too wide) in paragraph at lines 139--141
 [][] 
 []

<./Figures/reco_1.png, id=925, 959.08313pt x 649.67719pt>
File: ./Figures/reco_1.png Graphic file (type png)

<use ./Figures/reco_1.png>

LaTeX Warning: Float too large for page by 40.25325pt on input line 164.

[16] [17] <./Figures/reco_2.png, id=937, 818.05624pt x 519.9425pt>
File: ./Figures/reco_2.png Graphic file (type png)

<use ./Figures/reco_2.png>)
(D:\CSED\GP\Documentation\trunk\Chapters\Chapter4.tex [18] [19 <D:/CSED/GP/Docu
mentation/trunk/Figures/arch_2.png (PNG copy)>] [20 <D:/CSED/GP/Documentation/t
runk/Figures/arch_3.png (PNG copy)> <D:/CSED/GP/Documentation/trunk/Figures/Mit
osis_3.png> <D:/CSED/GP/Documentation/trunk/Figures/Mitosis_4.png>] [21 <D:/CSE
D/GP/Documentation/trunk/Figures/Mitosis_5.png (PNG copy)>] [22 <D:/CSED/GP/Doc
umentation/trunk/Figures/reco_1.png (PNG copy)>] [23 <D:/CSED/GP/Documentation/
trunk/Figures/reco_2.png (PNG copy)>]
Chapter 4.
------------------------------------------------------------------------------
 4 Document Similarity
------------------------------------------------------------------------------

Underfull \hbox (badness 10000) in paragraph at lines 12--17

 []


Underfull \hbox (badness 10000) in paragraph at lines 18--19

 []

Missing character: There is no ‚ in font cmr10!
Missing character: There is no Ä in font cmr10!
Missing character: There is no ô in font cmr10!
<./Figures/a.png, id=965, 263.98625pt x 116.435pt>
File: ./Figures/a.png Graphic file (type png)
 <use ./Figures/a.png>
[24

] [25 <D:/CSED/GP/Documentation/trunk/Figures/a.png>]
Missing character: There is no ‚ in font cmr10!
Missing character: There is no Ä in font cmr10!
Missing character: There is no ì in font cmr10!
Missing character: There is no ‚ in font cmr10!
Missing character: There is no Ä in font cmr10!
Missing character: There is no ì in font cmr10!
 [26]
Missing character: There is no ‚ in font cmr10!
Missing character: There is no Ä in font cmr10!
Missing character: There is no ú in font cmr10!
Missing character: There is no ‚ in font cmr10!
Missing character: There is no Ä in font cmr10!
Missing character: There is no ù in font cmr10!
Missing character: There is no ‚ in font cmr10!
Missing character: There is no Ä in font cmr10!
Missing character: There is no ú in font cmr10!
Missing character: There is no ‚ in font cmr10!
Missing character: There is no Ä in font cmr10!
Missing character: There is no ù in font cmr10!
 [27] [28]
Underfull \hbox (badness 10000) in paragraph at lines 105--106

 []


Underfull \hbox (badness 10000) in paragraph at lines 107--108

 []

Missing character: There is no ‚ in font cmr10!
Missing character: There is no Ä in font cmr10!
Missing character: There is no ú in font cmr10!
Missing character: There is no ‚ in font cmr10!
Missing character: There is no Ä in font cmr10!
Missing character: There is no ù in font cmr10!
[29]
Missing character: There is no ‚ in font cmr10!
Missing character: There is no Ä in font cmr10!
Missing character: There is no ô in font cmr10!

Underfull \hbox (badness 10000) in paragraph at lines 125--127

 []

[30]
Underfull \hbox (badness 10000) in paragraph at lines 140--143

 []

[31] [32] [33]
Missing character: There is no ¬ in font cmr10!
Missing character: There is no † in font cmr10!
Missing character: There is no ¬ in font cmr10!
Missing character: There is no † in font cmr10!
Missing character: There is no ¬ in font cmr10!
Missing character: There is no † in font cmr10!
Missing character: There is no ¬ in font cmr10!
Missing character: There is no † in font cmr10!
Missing character: There is no ¬ in font cmr10!
Missing character: There is no † in font cmr10!
Missing character: There is no ‚ in font cmr10!
Missing character: There is no Ä in font cmr10!
Missing character: There is no ô in font cmr10!
Missing character: There is no ‚ in font cmr10!
Missing character: There is no Ä in font cmr10!
Missing character: There is no ô in font cmr10!
Missing character: There is no ¬ in font cmr10!
Missing character: There is no † in font cmr10!
Missing character: There is no ÿ in font cmr10!
Missing character: There is no ¨ in font cmr10!
Missing character: There is no Ÿ in font cmr10!
Missing character: There is no Ü in font cmr10!
Missing character: There is no Ÿ in font cmr10!
Missing character: There is no à in font cmr10!
Missing character: There is no ÿ in font cmr10!
Missing character: There is no ® in font cmr10!
Missing character: There is no ÿ in font cmr10!
Missing character: There is no ß in font cmr10!
Missing character: There is no Ÿ in font cmr10!
Missing character: There is no Å in font cmr10!
Missing character: There is no ÿ in font cmr10!
Missing character: There is no ± in font cmr10!
Missing character: There is no Ÿ in font cmr10!
Missing character: There is no ä in font cmr10!
Missing character: There is no Ÿ in font cmr10!
Missing character: There is no Ç in font cmr10!
Missing character: There is no Ÿ in font cmr10!
Missing character: There is no ä in font cmr10!
Missing character: There is no ÿ in font cmr10!
Missing character: There is no ß in font cmr10!
Missing character: There is no ÿ in font cmr10!
Missing character: There is no £ in font cmr10!
Missing character: There is no ÿ in font cmr10!
Missing character: There is no ≠ in font cmr10!
Missing character: There is no Ÿ in font cmr10!
Missing character: There is no Ö in font cmr10!
Missing character: There is no ÿ in font cmr10!
Missing character: There is no Ø in font cmr10!
Missing character: There is no Ÿ in font cmr10!
Missing character: There is no Ö in font cmr10!
Missing character: There is no ÿ in font cmr10!
Missing character: There is no ≠ in font cmr10!
Missing character: There is no Ÿ in font cmr10!
Missing character: There is no Ö in font cmr10!
Missing character: There is no ÿ in font cmr10!
Missing character: There is no Ø in font cmr10!
Missing character: There is no ‚ in font cmr10!
Missing character: There is no Ä in font cmr10!
Missing character: There is no ô in font cmr10!
Missing character: There is no ‚ in font cmr10!
Missing character: There is no Ä in font cmr10!
Missing character: There is no ô in font cmr10!
 [34]
Underfull \hbox (badness 10000) in paragraph at lines 195--196

 []

Missing character: There is no ¬ in font cmr10!
Missing character: There is no † in font cmr10!
Missing character: There is no ‚ in font cmr10!
Missing character: There is no á in font cmr10!
Missing character: There is no í in font cmr10!
Missing character: There is no ‚ in font cmr10!
Missing character: There is no Ä in font cmr10!
Missing character: There is no ô in font cmr10!
Missing character: There is no ¬ in font cmr10!
Missing character: There is no † in font cmr10!
[35]
Missing character: There is no ‚ in font cmr10!
Missing character: There is no Ä in font cmr10!
Missing character: There is no ô in font cmr10!
Missing character: There is no ‚ in font cmr10!
Missing character: There is no Ä in font cmr10!
Missing character: There is no ú in font cmr10!
Missing character: There is no ‚ in font cmr10!
Missing character: There is no Ä in font cmr10!
Missing character: There is no ù in font cmr10!
 [36]
Missing character: There is no ‚ in font cmr10!
Missing character: There is no Ä in font cmr10!
Missing character: There is no ô in font cmr10!
Missing character: There is no ‚ in font cmr10!
Missing character: There is no Ä in font cmr10!
Missing character: There is no ú in font cmr10!
Missing character: There is no ‚ in font cmr10!
Missing character: There is no Ä in font cmr10!
Missing character: There is no ù in font cmr10!
 [37]
Missing character: There is no ‚ in font cmr10!
Missing character: There is no Ä in font cmr10!
Missing character: There is no ì in font cmr10!
Missing character: There is no ‚ in font cmr10!
Missing character: There is no Ä in font cmr10!
Missing character: There is no ú in font cmr10!
Missing character: There is no ‚ in font cmr10!
Missing character: There is no Ä in font cmr10!
Missing character: There is no ù in font cmr10!

Underfull \hbox (badness 10000) in paragraph at lines 249--256

 []

[38]
Missing character: There is no ¬ in font cmr10!
Missing character: There is no † in font cmr10!
Missing character: There is no ¬ in font cmr10!
Missing character: There is no † in font cmr10!
Missing character: There is no ¬ in font cmr10!
Missing character: There is no † in font cmr10!
Missing character: There is no ¬ in font cmr10!
Missing character: There is no † in font cmr10!
Missing character: There is no ¬ in font cmr10!
Missing character: There is no † in font cmr10!
Missing character: There is no ¬ in font cmr10!
Missing character: There is no † in font cmr10!
 [39]

LaTeX Warning: Reference `jigsaw' on page 40 undefined on input line 270.

[40]) (D:\CSED\GP\Documentation\trunk\Chapters\Chapter5.tex [41]
Chapter 5.
------------------------------------------------------------------------------
 5 Document Clustering
------------------------------------------------------------------------------
[42

] [43] <./Figures/Mitosis_1.png, id=1094, 306.39468pt x 137.01187pt>
File: ./Figures/Mitosis_1.png Graphic file (type png)

<use ./Figures/Mitosis_1.png> [44]
<./Figures/Mitosis_2.png, id=1100, 309.40594pt x 140.02313pt>
File: ./Figures/Mitosis_2.png Graphic file (type png)

<use ./Figures/Mitosis_2.png> [45 <D:/CSED/GP/Documentation/trunk/Figures/Mitos
is_1.png>] [46 <D:/CSED/GP/Documentation/trunk/Figures/Mitosis_2.png>]
Missing character: There is no ¬ in font cmr10!
Missing character: There is no ó in font cmr10!
Missing character: There is no ¬ in font cmr10!
Missing character: There is no ó in font cmr10!

<./Figures/Mitosis_6.png, id=1112, 959.08313pt x 554.82281pt>
File: ./Figures/Mitosis_6.png Graphic file (type png)

<use ./Figures/Mitosis_6.png>
Overfull \hbox (498.24529pt too wide) in paragraph at lines 149--151
 [][] 
 []

<./Figures/Mitosis_7.png, id=1116, 365.86688pt x 264.23718pt>
File: ./Figures/Mitosis_7.png Graphic file (type png)

<use ./Figures/Mitosis_7.png> [47] [48 <D:/CSED/GP/Documentation/trunk/Figures/
Mitosis_6.png (PNG copy)>]
<./Figures/Mitosis_8.png, id=1126, 367.3725pt x 250.68657pt>
File: ./Figures/Mitosis_8.png Graphic file (type png)

<use ./Figures/Mitosis_8.png> [49 <D:/CSED/GP/Documentation/trunk/Figures/Mitos
is_7.png>]
Missing character: There is no ¬ in font cmr10!
Missing character: There is no í in font cmr10!

Overfull \hbox (17.07057pt too wide) in paragraph at lines 199--201
[]\OT1/cmr/m/n/10.95 A sim-ple im-ple-men-ta-tion: just ap-pends x to the end o
f y, up-dates all back-to-representative
 []

File: ./Figures/Mitosis_3.png Graphic file (type png)
<use ./Figures/Mitosis_3.png>
File: ./Figures/Mitosis_4.png Graphic file (type png)
 <use ./Figures/Mitosis_4.png>
Overfull \hbox (19.09303pt too wide) in paragraph at lines 209--222
[][]   [] 
 []

[50 <D:/CSED/GP/Documentation/trunk/Figures/Mitosis_8.png>]
Missing character: There is no ¬ in font cmr10!
Missing character: There is no í in font cmr10!
File: ./Figures/Mitosis_5.png Graphic file (type png)

<use ./Figures/Mitosis_5.png>
Overfull \hbox (498.24529pt too wide) in paragraph at lines 240--242
 [][] 
 []

) (D:\CSED\GP\Documentation\trunk\Chapters\Chapter6.tex [51] [52]
Chapter 6.
------------------------------------------------------------------------------
 6 Recommender Systems
------------------------------------------------------------------------------
[53

] [54]
Missing character: There is no ¬ in font cmr10!
Missing character: There is no í in font cmr10!
Missing character: There is no ¬ in font cmr10!
Missing character: There is no í in font cmr10!
Missing character: There is no ¬ in font cmr10!
Missing character: There is no ñ in font cmr10!
 [55]
Missing character: There is no ¬ in font cmr10!
Missing character: There is no Ö in font cmr10!
 [56]
Missing character: There is no ¬ in font cmr10!
Missing character: There is no ì in font cmr10!
Missing character: There is no ¬ in font cmr10!
Missing character: There is no î in font cmr10!
Missing character: There is no ¬ in font cmr10!
Missing character: There is no ì in font cmr10!
Missing character: There is no ¬ in font cmr10!
Missing character: There is no î in font cmr10!
Missing character: There is no ¬ in font cmr10!
Missing character: There is no ì in font cmr10!
Missing character: There is no ¬ in font cmr10!
Missing character: There is no î in font cmr10!
Missing character: There is no ¬ in font cmr10!
Missing character: There is no ì in font cmr10!
Missing character: There is no ¬ in font cmr10!
Missing character: There is no î in font cmr10!
Missing character: There is no ¬ in font cmr10!
Missing character: There is no ì in font cmr10!
Missing character: There is no ¬ in font cmr10!
Missing character: There is no î in font cmr10!
Missing character: There is no √ in font cmr10!
Missing character: There is no Ø in font cmr10!
Missing character: There is no √ in font cmr10!
Missing character: There is no Ø in font cmr10!
 [57]
Missing character: There is no ¬ in font cmr10!
Missing character: There is no í in font cmr10!
Missing character: There is no ¬ in font cmr10!
Missing character: There is no í in font cmr10!
 [58]
Missing character: There is no ¬ in font cmr10!
Missing character: There is no í in font cmr10!
Missing character: There is no ¬ in font cmr10!
Missing character: There is no ì in font cmr10!
Missing character: There is no ¬ in font cmr10!
Missing character: There is no î in font cmr10!
 [59]
Missing character: There is no ‚ in font cmr10!
Missing character: There is no Ä in font cmr10!
Missing character: There is no ô in font cmr10!
Missing character: There is no ‚ in font cmr10!
Missing character: There is no Ä in font cmr10!
Missing character: There is no ô in font cmr10!
Missing character: There is no ‚ in font cmr10!
Missing character: There is no Ä in font cmr10!
Missing character: There is no ô in font cmr10!
Missing character: There is no ‚ in font cmr10!
Missing character: There is no Ä in font cmr10!
Missing character: There is no ô in font cmr10!
Missing character: There is no ‚ in font cmr10!
Missing character: There is no Ä in font cmr10!
Missing character: There is no ú in font cmr10!
Missing character: There is no ‚ in font cmr10!
Missing character: There is no Ä in font cmr10!
Missing character: There is no ù in font cmr10!
Missing character: There is no ‚ in font cmr10!
Missing character: There is no Ä in font cmr10!
Missing character: There is no ú in font cmr10!
Missing character: There is no ‚ in font cmr10!
Missing character: There is no Ä in font cmr10!
Missing character: There is no ù in font cmr10!

Overfull \hbox (11.96167pt too wide) in paragraph at lines 148--150
\OT1/cmr/m/n/10.95 In the sim-plest case, the ag-gre-ga-tion can be a sim-ple a
v-er-age, as de-fined by ex-pres-sion (10a).However,
 []

[60] [61]
Missing character: There is no ‚ in font cmr10!
Missing character: There is no Ä in font cmr10!
Missing character: There is no ô in font cmr10!
Missing character: There is no ‚ in font cmr10!
Missing character: There is no Ä in font cmr10!
Missing character: There is no ô in font cmr10!
Missing character: There is no √ in font cmr10!
Missing character: There is no Ø in font cmr10!
 [62]
Missing character: There is no ‚ in font cmr10!
Missing character: There is no Ä in font cmr10!
Missing character: There is no ô in font cmr10!
Missing character: There is no ‚ in font cmr10!
Missing character: There is no Ä in font cmr10!
Missing character: There is no ô in font cmr10!
Missing character: There is no ‚ in font cmr10!
Missing character: There is no Ä in font cmr10!
Missing character: There is no ú in font cmr10!
Missing character: There is no ‚ in font cmr10!
Missing character: There is no Ä in font cmr10!
Missing character: There is no ù in font cmr10!
 [63]
Missing character: There is no ‚ in font cmr10!
Missing character: There is no Ä in font cmr10!
Missing character: There is no ú in font cmr10!
Missing character: There is no ‚ in font cmr10!
Missing character: There is no Ä in font cmr10!
Missing character: There is no ù in font cmr10!
Missing character: There is no ‚ in font cmr10!
Missing character: There is no Ä in font cmr10!
Missing character: There is no ô in font cmr10!
Missing character: There is no ‚ in font cmr10!
Missing character: There is no Ä in font cmr10!
Missing character: There is no ì in font cmr10!
Missing character: There is no ‚ in font cmr10!
Missing character: There is no Ä in font cmr10!
Missing character: There is no ô in font cmr10!
Missing character: There is no ‚ in font cmr10!
Missing character: There is no Ä in font cmr10!
Missing character: There is no ô in font cmr10!
 [64] [65]
Missing character: There is no ‚ in font cmr10!
Missing character: There is no Ä in font cmr10!
Missing character: There is no ô in font cmr10!
Missing character: There is no ‚ in font cmr10!
Missing character: There is no Ä in font cmr10!
Missing character: There is no ô in font cmr10!
Missing character: There is no ‚ in font cmr10!
Missing character: There is no Ä in font cmr10!
Missing character: There is no ô in font cmr10!

Overfull \hbox (46.15118pt too wide) in paragraph at lines 228--240
 [][] 
 []

[66] [67]
Missing character: There is no ‚ in font cmr10!
Missing character: There is no Ä in font cmr10!
Missing character: There is no ô in font cmr10!
 [68]) (D:\CSED\GP\Documentation\trunk\Chapters\Chapter7.tex [69]
Chapter 7.
------------------------------------------------------------------------------
 7 Tools
------------------------------------------------------------------------------
LaTeX Font Info:    Try loading font information for U+xnsh on input line 14.

(C:\Users\ahmed.elbagoury\AppData\Roaming\MiKTeX\2.8\tex\latex\arabtex\uxnsh.fd
File: uxnsh.fd  1999/10/19 v3.10 ArabTeX Naskh extd. font definitions
)
LaTeX Font Info:    Font shape `U/xnsh/m/n' will be
(Font)              scaled to size 15.76802pt on input line 14.
Missing character: There is no ‚ in font cmr10!
Missing character: There is no Ä in font cmr10!
Missing character: There is no î in font cmr10!
 [70

]
Missing character: There is no ‚ in font cmr10!
Missing character: There is no Ä in font cmr10!
Missing character: There is no ú in font cmr10!
Missing character: There is no ‚ in font cmr10!
Missing character: There is no Ä in font cmr10!
Missing character: There is no ù in font cmr10!
Missing character: There is no ‚ in font cmr10!
Missing character: There is no Ä in font cmr10!
Missing character: There is no ú in font cmr10!
Missing character: There is no ‚ in font cmr10!
Missing character: There is no Ä in font cmr10!
Missing character: There is no ù in font cmr10!
Missing character: There is no ‚ in font cmr10!
Missing character: There is no Ä in font cmr10!
Missing character: There is no ú in font cmr10!
Missing character: There is no ‚ in font cmr10!
Missing character: There is no Ä in font cmr10!
Missing character: There is no ù in font cmr10!
Missing character: There is no ‚ in font cmr10!
Missing character: There is no Ä in font cmr10!
Missing character: There is no ú in font cmr10!
Missing character: There is no ‚ in font cmr10!
Missing character: There is no Ä in font cmr10!
Missing character: There is no ù in font cmr10!
Missing character: There is no ‚ in font cmr10!
Missing character: There is no Ä in font cmr10!
Missing character: There is no ú in font cmr10!
Missing character: There is no ‚ in font cmr10!
Missing character: There is no Ä in font cmr10!
Missing character: There is no ù in font cmr10!
Missing character: There is no ‚ in font cmr10!
Missing character: There is no Ä in font cmr10!
Missing character: There is no ú in font cmr10!
Missing character: There is no ‚ in font cmr10!
Missing character: There is no Ä in font cmr10!
Missing character: There is no ù in font cmr10!
 [71] <./Figures/pre_1.png, id=1330, 363.60844pt x 168.63pt>
File: ./Figures/pre_1.png Graphic file (type png)

<use ./Figures/pre_1.png>
<./Figures/pre_3.png, id=1331, 959.08313pt x 488.57532pt>
File: ./Figures/pre_3.png Graphic file (type png)

<use ./Figures/pre_3.png>
Overfull \hbox (498.24529pt too wide) in paragraph at lines 53--55
 [][] 
 []

<./Figures/pre_4.png, id=1332, 959.08313pt x 488.57532pt>
File: ./Figures/pre_4.png Graphic file (type png)

<use ./Figures/pre_4.png>
Overfull \hbox (498.24529pt too wide) in paragraph at lines 61--63
 [][] 
 []


Package natbib Warning: Citation `pre_20' on page 72 undefined on input line 76
.

<./Figures/pre_5.png, id=1338, 959.08313pt x 488.57532pt>
File: ./Figures/pre_5.png Graphic file (type png)

<use ./Figures/pre_5.png>
Overfull \hbox (498.24529pt too wide) in paragraph at lines 89--91
 [] 
 []

Missing character: There is no ‚ in font cmr10!
Missing character: There is no Ä in font cmr10!
Missing character: There is no ò in font cmr10!
Missing character: There is no ‚ in font cmr10!
Missing character: There is no Ä in font cmr10!
Missing character: There is no ô in font cmr10!
Missing character: There is no ‚ in font cmr10!
Missing character: There is no Ä in font cmr10!
Missing character: There is no ò in font cmr10!
Missing character: There is no ‚ in font cmr10!
Missing character: There is no Ä in font cmr10!
Missing character: There is no ô in font cmr10!
[72 <D:/CSED/GP/Documentation/trunk/Figures/pre_1.png>] [73 <D:/CSED/GP/Documen
tation/trunk/Figures/pre_3.png (PNG copy)>] [74 <D:/CSED/GP/Documentation/trunk
/Figures/pre_4.png (PNG copy)>]
<./Figures/pre_6.png, id=1355, 959.08313pt x 488.57532pt>
File: ./Figures/pre_6.png Graphic file (type png)

<use ./Figures/pre_6.png>
Overfull \hbox (498.24529pt too wide) in paragraph at lines 98--100
 [] 
 []

Missing character: There is no ‚ in font cmr10!
Missing character: There is no Ä in font cmr10!
Missing character: There is no ò in font cmr10!
Missing character: There is no ‚ in font cmr10!
Missing character: There is no Ä in font cmr10!
Missing character: There is no ô in font cmr10!
Missing character: There is no ‚ in font cmr10!
Missing character: There is no Ä in font cmr10!
Missing character: There is no ò in font cmr10!
Missing character: There is no ‚ in font cmr10!
Missing character: There is no Ä in font cmr10!
Missing character: There is no ô in font cmr10!
[75 <D:/CSED/GP/Documentation/trunk/Figures/pre_5.png (PNG copy)>] [76 <D:/CSED
/GP/Documentation/trunk/Figures/pre_6.png (PNG copy)>]
Underfull \hbox (badness 10000) in paragraph at lines 121--123

 []


Underfull \hbox (badness 10000) in paragraph at lines 124--125

 []


Underfull \hbox (badness 10000) in paragraph at lines 126--127

 []


Underfull \hbox (badness 10000) in paragraph at lines 127--128

 []

[77]
Underfull \hbox (badness 10000) in paragraph at lines 128--129

 []


Underfull \hbox (badness 10000) in paragraph at lines 130--131

 []


Underfull \hbox (badness 10000) in paragraph at lines 132--133

 []


Underfull \hbox (badness 10000) in paragraph at lines 133--134

 []

Missing character: There is no ¬ in font cmr10!
Missing character: There is no † in font cmr10!
Missing character: There is no ¬ in font cmr10!
Missing character: There is no † in font cmr10!
Missing character: There is no ¬ in font cmr10!
Missing character: There is no † in font cmr10!

Underfull \hbox (badness 10000) in paragraph at lines 135--139

 []

Missing character: There is no ‚ in font cmr10!
Missing character: There is no Ä in font cmr10!
Missing character: There is no ô in font cmr10!
[78] <./Figures/diagram1.png, id=1376, 480.79625pt x 201.75375pt>
File: ./Figures/diagram1.png Graphic file (type png)

<use ./Figures/diagram1.png>
Overfull \hbox (19.95955pt too wide) in paragraph at lines 152--154
 [][] 
 []


LaTeX Warning: Reference `crawlersXML' on page 79 undefined on input line 162.

[79 <D:/CSED/GP/Documentation/trunk/Figures/diagram1.png>]
Missing character: There is no ¬ in font cmr10!
Missing character: There is no † in font cmr10!
Missing character: There is no ¬ in font cmr10!
Missing character: There is no † in font cmr10!
 [80]
Missing character: There is no ¬ in font cmr10!
Missing character: There is no † in font cmr10!
Missing character: There is no ¬ in font cmr10!
Missing character: There is no † in font cmr10!
Missing character: There is no ¬ in font cmr10!
Missing character: There is no † in font cmr10!
Missing character: There is no ¬ in font cmr10!
Missing character: There is no † in font cmr10!
Missing character: There is no ¬ in font cmr10!
Missing character: There is no † in font cmr10!
Missing character: There is no ¬ in font cmr10!
Missing character: There is no † in font cmr10!
Missing character: There is no ¬ in font cmr10!
Missing character: There is no † in font cmr10!
 [81]) [82]
------------------------------------------------------------------------------
 Bibliography
------------------------------------------------------------------------------
(D:\CSED\GP\Documentation\trunk\Thesis.bbl [83


]
Missing character: There is no ® in font cmr10!

Underfull \hbox (badness 10000) in paragraph at lines 99--100
[]\OT1/cmr/m/it/10.95 [Online]http://glaros.dtc.umn.edu/gkhome/cluto/cluto/down
load[Accessed 26/6/2012]\OT1/cmr/m/n/10.95 ,
 []

Missing character: There is no ë in font cmr10!
Missing character: There is no í in font cmr10!
[84]
Missing character: There is no ñ in font cmti10!
 [85]
Underfull \hbox (badness 10000) in paragraph at lines 269--274
[]\OT1/cmr/m/n/10.95 Shereen Khoia.  Apt: Ara-bic part-if-speech tag-ger.  \OT1
/cmr/m/it/10.95 Avail-able from:
 []


Underfull \hbox (badness 10000) in paragraph at lines 269--274
\OT1/cmr/m/it/10.95 http://archimedes.fas.harvard.edu/mdh/arabic/NAACL.pdf [Ac-
cessed 17/07/03]\OT1/cmr/m/n/10.95 , No
 []


Underfull \hbox (badness 10000) in paragraph at lines 287--291
[]\OT1/cmr/m/n/10.95 Arabic gram-mer.  \OT1/cmr/m/it/10.95 [on-line]. www.mesit
i.it. Avail-able from:
 []


Underfull \hbox (badness 10000) in paragraph at lines 287--291
\OT1/cmr/m/it/10.95 http://www.mesiti.it/arabic/grammar/lessons/lesson2/roots.h
tml [Ac-cessed 18/05/05]\OT1/cmr/m/n/10.95 ,
 []

Missing character: There is no î in font cmr10!
)

Package natbib Warning: There were undefined citations.

Package atveryend Info: Empty hook `BeforeClearDocument' on input line 262.
[86]
Package atveryend Info: Empty hook `AfterLastShipout' on input line 262.
 (D:\CSED\GP\Documentation\trunk\Thesis.aux)
Package atveryend Info: Executing hook `AtVeryEndDocument' on input line 262.
Package rerunfilecheck Info: File `Thesis.out' has not changed.
(rerunfilecheck)             Checksum: 87F8188932F3B238B8DE820D26041EF4;26557.


 *File List*
  Thesis.cls    2007/22/02 v1.0 LaTeX document class
    book.cls    2007/10/19 v1.4h Standard LaTeX document class
    bk11.clo    2007/10/19 v1.4h Standard LaTeX file (size option)
setspace.sty    2000/12/01 6.7 Contributed and Supported LaTeX2e package
 vmargin.sty    1999/06/01
fancyhdr.sty    
 amsmath.sty    2000/07/18 v2.13 AMS math features
 amstext.sty    2000/06/29 v2.01
  amsgen.sty    1999/11/30 v2.0
  amsbsy.sty    1999/11/29 v1.2d
  amsopn.sty    1999/12/14 v2.01 operator names
amsfonts.sty    2009/06/22 v3.00 Basic AMSFonts support
 amssymb.sty    2009/06/22 v3.00
   amscd.sty    1999/11/29 v2.0
  amsthm.sty    2004/08/06 v2.20
  xspace.sty    2006/05/08 v1.12 Space after command names (DPC,MH)
 caption.sty    2004/05/16 v3.0b Customising captions (AS)
  keyval.sty    1999/03/16 v1.13 key=value parser (DPC)
graphicx.sty    1999/02/16 v1.0f Enhanced LaTeX Graphics (DPC,SPQR)
graphics.sty    2009/02/05 v1.0o Standard LaTeX Graphics (DPC,SPQR)
    trig.sty    1999/03/16 v1.09 sin cos tan (DPC)
graphics.cfg    2007/01/18 v1.5 graphics configuration of teTeX/TeXLive
  pdftex.def    2010/02/14 v0.04n Graphics/color for pdfTeX
epstopdf.sty    2010/02/09 v2.5 Conversion with epstopdf on the fly (HO)
epstopdf-base.sty    2010/02/09 v2.5 Base part for package epstopdf
infwarerr.sty    2010/04/08 v1.3 Providing info/warning/message (HO)
  grfext.sty    2007/09/30 v1.0 Managing graphics extensions (HO)
kvoptions.sty    2010/02/22 v3.7 Keyval support for LaTeX options (HO)
kvsetkeys.sty    2010/03/01 v1.9 Key value parser (HO)
etexcmds.sty    2010/01/28 v1.3 Prefix for e-TeX command names (HO)
pdftexcmds.sty    2010/04/01 v0.9 Utility functions of pdfTeX for LuaTeX (HO)
ifluatex.sty    2010/03/01 v1.3 Provides the ifluatex switch (HO)
 ltxcmds.sty    2010/04/08 v1.5 LaTeX kernel commands for general use (HO)
subfigure.sty    1995/03/06 v2.0 subfigure package
booktabs.sty    2005/04/14 v1.61803 publication quality tables
rotating.sty    1995/08/22 2.10 Rotation package
  ifthen.sty    2001/05/26 v1.1c Standard LaTeX ifthen package (DPC)
listings.sty    2007/02/22 1.4 (Carsten Heinz)
 lstmisc.sty    2007/02/22 1.4 (Carsten Heinz)
listings.cfg    2007/02/22 1.4 listings configuration
lstpatch.sty    
hyperref.sty    2010/03/30 v6.80u Hypertext links for LaTeX
pdfescape.sty    2010/03/01 v1.9 Provides hex, PDF name and string conversions 
(HO)
   ifpdf.sty    2010/01/28 v2.1 Provides the ifpdf switch (HO)
  ifvtex.sty    2010/03/01 v1.5 Switches for detecting VTeX and its modes (HO)
 ifxetex.sty    2009/01/23 v0.5 Provides ifxetex conditional
 hycolor.sty    2009/12/12 v1.6 Color options of hyperref/bookmark (HO)
xcolor-patch.sty    2009/12/12 xcolor patch
letltxmacro.sty    2008/06/24 v1.3 Let assignment for LaTeX macros (HO)
  pd1enc.def    2010/03/30 v6.80u Hyperref: PDFDocEncoding definition (HO)
 intcalc.sty    2007/09/27 v1.1 Expandable integer calculations (HO)
hyperref.cfg    2002/06/06 v1.2 hyperref configuration of TeXLive
   puenc.def    2010/03/30 v6.80u Hyperref: PDF Unicode definition (HO)
     url.sty    2006/04/12  ver 3.3  Verb mode for urls, etc.
  bitset.sty    2007/09/28 v1.0 Data type bit set (HO)
bigintcalc.sty    2007/11/11 v1.1 Expandable big integer calculations (HO)
atbegshi.sty    2010/03/25 v1.12 At begin shipout hook (HO)
 hpdftex.def    2010/03/30 v6.80u Hyperref driver for pdfTeX
atveryend.sty    2010/03/24 v1.5 Hooks at very end of document (HO)
rerunfilecheck.sty    2010/03/16 v1.6 Rerun checks for auxiliary files (HO)
uniquecounter.sty    2009/12/18 v1.1 Provides unlimited unique counter (HO)
longtable.sty    2004/02/01 v4.11 Multi-page Table package (DPC)
 arabtex.sty    2003/08/22  3.11 ArabTeX main module
 arabaux.sty    2003/05/21  3.11 auxiliary macros for ArabTeX
    acmd.sty    2003/08/20  3.11 Arabic command processing 
  afonts.sty    1995/11/16  3.04 define Naskh font 
 afonts2.sty    1998/10/19  3.10 define Naskh fonts for LaTeX2e
   ascan.sty    2003/08/22  3.11 standard ZDMG input encoding 
  aparse.sty    2003/05/26  3.11 get syllables 
  awrite.sty    2003/06/05  3.11 build output word 
xarbsymb.sty    1998/07/15  3.07 symbolic output encoding 
arabskel.sty    2000/06/04  3.10 character skeleton definitions 
xarbskel.sty    1999/07/17  3.09 character skeleton definitions 
  aboxes.sty    2003/05/28  3.11 build output boxes
arabtoks.sty    1999/07/17  3.09 ArabTeX CS token definitions 
arabchrs.sty    1998/07/11  3.07 letter token definitions 
   aligs.sty    2003/05/26  3.11 compute ligatures
 aoutput.sty    2000/06/04  3.10 build output lines
  abidir.sty    2003/08/22  3.11 bidirectional linebreaking
  atrans.sty    2003/06/14  3.11 generate the transliteration 
  alatex.sty    2003/05/04  3.11 ArabTeX extensions for LaTeX 
   afoot.sty    2003/05/12  3.11 ArabTeX footnotes
   abjad.sty    2003/04/26  3.11 abjad numerals 
  apatch.sty    2006/07/02  3.11s last minute patches 
  alists.sty    2003/04/26  3.11 inverted list macros
   asect.sty    2003/04/26  3.11 section macros for Arabic
   atabg.sty    1997/01/21  3.05 LaTeX tabbing macros for Arabic
    utf8.sty    2000/06/13  3.10 UTF-8 input encoding 
 utfcode.sty    2002/03/07  3.10a Arabic+Hebrew segment of UTF-8
  natbib.sty    1998/07/14 6.8c (PWD)
ragged2e.sty    2009/05/21 v2.1 ragged2e Package (MS)
everysel.sty    2011/10/28 v1.2 EverySelectfont Package (MS)
supp-pdf.tex
   color.sty    2005/11/14 v1.0j Standard LaTeX Color (DPC)
   color.cfg    2007/01/18 v1.5 color configuration of teTeX/TeXLive
 nameref.sty    2010/01/25 v2.36 Cross-referencing by name of section
refcount.sty    2008/08/11 v3.1 Data extraction from references (HO)
gettitlestring.sty    2009/12/18 v1.3 Cleanup title references (HO)
  Thesis.out
  Thesis.out
  apatch.sty    2006/07/02  3.11s last minute patches 
    umsa.fd    2009/06/22 v3.00 AMS symbols A
    umsb.fd    2009/06/22 v3.00 AMS symbols B
./Chapters/Chapter1.tex
  omscmr.fd    1999/05/25 v2.5h Standard LaTeX font definitions
./Chapters/Chapter2.tex
./Figures/clustering.png
./Chapters/Chapter3.tex
./Figures/arch_1.png
./Figures/arch_2.png
./Figures/arch_3.png
./Figures/Mitosis_3.png
./Figures/Mitosis_4.png
./Figures/Mitosis_5.png
./Figures/reco_1.png
./Figures/reco_2.png
./Chapters/Chapter4.tex
./Figures/a.png
./Chapters/Chapter5.tex
./Figures/Mitosis_1.png
./Figures/Mitosis_2.png
./Figures/Mitosis_6.png
./Figures/Mitosis_7.png
./Figures/Mitosis_8.png
./Figures/Mitosis_3.png
./Figures/Mitosis_4.png
./Figures/Mitosis_5.png
./Chapters/Chapter6.tex
./Chapters/Chapter7.tex
   uxnsh.fd     1999/10/19 v3.10 ArabTeX Naskh extd. font definitions
./Figures/pre_1.png
./Figures/pre_3.png
./Figures/pre_4.png
./Figures/pre_5.png
./Figures/pre_6.png
./Figures/diagram1.png
  Thesis.bbl
 ***********


LaTeX Warning: There were undefined references.


LaTeX Warning: There were multiply-defined labels.

 ) 
Here is how much of TeX's memory you used:
 12448 strings out of 495285
 164726 string characters out of 3180364
 264200 words of memory out of 3000000
 14976 multiletter control sequences out of 15000+200000
 15346 words of font info for 56 fonts, out of 3000000 for 9000
 14 hyphenation exceptions out of 8191
 48i,14n,45p,2014b,494s stack positions out of 5000i,500n,10000p,200000b,50000s
<C:/Program Files/MiKTeX 2.8/fonts/type1/public/amsfonts/cm/cmbx10.pfb><C:/Pr
ogram Files/MiKTeX 2.8/fonts/type1/public/amsfonts/cm/cmbx12.pfb><C:/Program Fi
les/MiKTeX 2.8/fonts/type1/public/amsfonts/cm/cmcsc10.pfb><C:/Program Files/MiK
TeX 2.8/fonts/type1/public/amsfonts/cm/cmex10.pfb><C:/Program Files/MiKTeX 2.8/
fonts/type1/public/amsfonts/cmextra/cmex8.pfb><C:/Program Files/MiKTeX 2.8/font
s/type1/public/amsfonts/cm/cmmi10.pfb><C:/Program Files/MiKTeX 2.8/fonts/type1/
public/amsfonts/cm/cmmi6.pfb><C:/Program Files/MiKTeX 2.8/fonts/type1/public/am
sfonts/cm/cmmi8.pfb><C:/Program Files/MiKTeX 2.8/fonts/type1/public/amsfonts/cm
/cmr10.pfb><C:/Program Files/MiKTeX 2.8/fonts/type1/public/amsfonts/cm/cmr12.pf
b><C:/Program Files/MiKTeX 2.8/fonts/type1/public/amsfonts/cm/cmr6.pfb><C:/Prog
ram Files/MiKTeX 2.8/fonts/type1/public/amsfonts/cm/cmr8.pfb><C:/Program Files/
MiKTeX 2.8/fonts/type1/public/amsfonts/cm/cmsl12.pfb><C:/Program Files/MiKTeX 2
.8/fonts/type1/public/amsfonts/cm/cmsy10.pfb><C:/Program Files/MiKTeX 2.8/fonts
/type1/public/amsfonts/cm/cmsy6.pfb><C:/Program Files/MiKTeX 2.8/fonts/type1/pu
blic/amsfonts/cm/cmsy8.pfb><C:/Program Files/MiKTeX 2.8/fonts/type1/public/amsf
onts/cm/cmti10.pfb><C:/Program Files/MiKTeX 2.8/fonts/type1/public/amsfonts/cm/
cmti12.pfb><C:/Program Files/MiKTeX 2.8/fonts/type1/public/amsfonts/cm/cmtt10.p
fb><C:/Users/ahmed.elbagoury/AppData/Roaming/MiKTeX/2.8/fonts/type1/public/arab
tex/xnsh14.pfb>
Output written on Thesis.pdf (100 pages, 1822158 bytes).
PDF statistics:
 1551 PDF objects out of 1728 (max. 8388607)
 350 named destinations out of 1000 (max. 500000)
 1218 words of extra memory for PDF output out of 10000 (max. 10000000)

