\BOOKMARK [0][-]{dummy.1}{\376\377\000A\000b\000s\000t\000r\000a\000c\000t}{}% 1
\BOOKMARK [0][-]{dummy.2}{\376\377\000A\000c\000k\000n\000o\000w\000l\000e\000d\000g\000e\000m\000e\000n\000t\000s}{}% 2
\BOOKMARK [0][-]{dummy.4}{\376\377\000L\000i\000s\000t\000\040\000o\000f\000\040\000F\000i\000g\000u\000r\000e\000s}{}% 3
\BOOKMARK [0][-]{dummy.6}{\376\377\000L\000i\000s\000t\000\040\000o\000f\000\040\000T\000a\000b\000l\000e\000s}{}% 4
\BOOKMARK [0][-]{dummy.8}{\376\377\000A\000b\000b\000r\000e\000v\000i\000a\000t\000i\000o\000n\000s}{}% 5
\BOOKMARK [0][-]{dummy.11}{\376\377\000P\000h\000y\000s\000i\000c\000a\000l\000\040\000C\000o\000n\000s\000t\000a\000n\000t\000s}{}% 6
\BOOKMARK [0][-]{dummy.14}{\376\377\000S\000y\000m\000b\000o\000l\000s}{}% 7
\BOOKMARK [0][-]{chapter.17}{\376\377\0001\000\040\000I\000n\000t\000r\000o\000d\000u\000c\000t\000i\000o\000n}{}% 8
\BOOKMARK [1][-]{section.18}{\376\377\0001\000.\0001\000\040\000M\000o\000t\000i\000v\000a\000t\000i\000o\000n}{chapter.17}% 9
\BOOKMARK [1][-]{section.19}{\376\377\0001\000.\0002\000\040\000G\000o\000a\000l\000s\000\040\000a\000n\000d\000\040\000S\000c\000o\000o\000p}{chapter.17}% 10
\BOOKMARK [1][-]{section.20}{\376\377\0001\000.\0003\000\040\000S\000t\000r\000u\000c\000t\000u\000r\000e\000\040\000o\000f\000\040\000t\000h\000e\000\040\000d\000o\000c\000u\000m\000e\000n\000t}{chapter.17}% 11
\BOOKMARK [0][-]{chapter.21}{\376\377\0002\000\040\000L\000i\000t\000e\000r\000a\000t\000u\000r\000e}{}% 12
\BOOKMARK [1][-]{section.22}{\376\377\0002\000.\0001\000\040\000C\000l\000u\000s\000t\000e\000r\000i\000n\000g}{chapter.21}% 13
\BOOKMARK [1][-]{section.24}{\376\377\0002\000.\0002\000\040\000S\000e\000m\000a\000n\000t\000i\000c\000\040\000S\000i\000m\000i\000l\000a\000r\000i\000t\000y}{chapter.21}% 14
\BOOKMARK [1][-]{section.25}{\376\377\0002\000.\0003\000\040\000R\000e\000c\000o\000m\000m\000e\000n\000d\000a\000t\000i\000o\000n}{chapter.21}% 15
\BOOKMARK [2][-]{subsection.26}{\376\377\0002\000.\0003\000.\0001\000\040\000D\000e\000f\000i\000n\000i\000t\000i\000o\000n\000\040\000o\000f\000\040\000a\000\040\000R\000e\000c\000o\000m\000m\000e\000n\000d\000e\000r\000\040\000S\000y\000s\000t\000e\000m}{section.25}% 16
\BOOKMARK [2][-]{subsection.27}{\376\377\0002\000.\0003\000.\0002\000\040\000B\000a\000s\000i\000c\000s\000\040\000t\000o\000\040\000a\000\040\000R\000e\000c\000o\000m\000m\000e\000n\000d\000e\000r\000\040\000S\000y\000s\000t\000e\000m}{section.25}% 17
\BOOKMARK [2][-]{subsection.28}{\376\377\0002\000.\0003\000.\0003\000\040\000C\000h\000a\000l\000l\000e\000n\000g\000e\000s\000\040\000o\000f\000\040\000R\000e\000c\000o\000m\000m\000e\000n\000d\000e\000r\000\040\000S\000y\000s\000t\000e\000m\000s}{section.25}% 18
\BOOKMARK [3][-]{subsubsection.29}{\376\377\0002\000.\0003\000.\0003\000.\0001\000\040\000Q\000u\000a\000l\000i\000t\000y\000\040\000o\000f\000\040\000a\000\040\000r\000e\000c\000o\000m\000m\000e\000n\000d\000e\000r\000\040\000s\000y\000s\000t\000e\000m}{subsection.28}% 19
\BOOKMARK [3][-]{subsubsection.30}{\376\377\0002\000.\0003\000.\0003\000.\0002\000\040\000S\000p\000a\000r\000s\000i\000t\000y}{subsection.28}% 20
\BOOKMARK [3][-]{subsubsection.31}{\376\377\0002\000.\0003\000.\0003\000.\0003\000\040\000S\000y\000n\000o\000n\000y\000m\000y}{subsection.28}% 21
\BOOKMARK [3][-]{subsubsection.32}{\376\377\0002\000.\0003\000.\0003\000.\0004\000\040\000F\000i\000r\000s\000t\000\040\000R\000a\000t\000e\000r\000\040\000P\000r\000o\000b\000l\000e\000m}{subsection.28}% 22
\BOOKMARK [2][-]{subsection.33}{\376\377\0002\000.\0003\000.\0004\000\040\000M\000e\000m\000o\000r\000y\000\040\000B\000a\000s\000e\000d\000\040\000R\000e\000c\000o\000m\000m\000e\000n\000d\000e\000r\000\040\000S\000y\000s\000t\000e\000m\000s}{section.25}% 23
\BOOKMARK [3][-]{subsubsection.34}{\376\377\0002\000.\0003\000.\0004\000.\0001\000\040\000U\000s\000e\000r\000‚\000Ä\000ê\000B\000a\000s\000e\000d\000\040\000R\000e\000c\000o\000m\000m\000e\000n\000d\000a\000t\000i\000o\000n}{subsection.33}% 24
\BOOKMARK [3][-]{subsubsection.37}{\376\377\0002\000.\0003\000.\0004\000.\0002\000\040\000I\000t\000e\000m\000‚\000Ä\000ê\000B\000a\000s\000e\000d\000\040\000R\000e\000c\000o\000m\000m\000e\000n\000d\000a\000t\000i\000o\000n}{subsection.33}% 25
\BOOKMARK [2][-]{subsection.38}{\376\377\0002\000.\0003\000.\0005\000\040\000C\000o\000m\000p\000a\000r\000i\000s\000o\000n\000\040\000b\000e\000t\000w\000e\000e\000n\000\040\000U\000s\000e\000r\000‚\000Ä\000ê\000b\000a\000s\000e\000d\000\040\000a\000n\000d\000\040\000I\000t\000e\000m\000‚\000Ä\000ê\000b\000a\000s\000e\000d\000\040\000r\000e\000c\000o\000m\000m\000e\000n\000d\000e\000r\000\040\000s\000y\000s\000t\000e\000m\000s}{section.25}% 26
\BOOKMARK [2][-]{subsection.39}{\376\377\0002\000.\0003\000.\0006\000\040\000C\000o\000n\000t\000e\000n\000t\000‚\000Ä\000ê\000B\000a\000s\000e\000d\000\040\000R\000e\000c\000o\000m\000m\000e\000n\000d\000e\000r\000\040\000S\000y\000s\000t\000e\000m\000s}{section.25}% 27
\BOOKMARK [2][-]{subsection.40}{\376\377\0002\000.\0003\000.\0007\000\040\000T\000e\000s\000t\000i\000n\000g\000\040\000t\000h\000e\000\040\000A\000c\000c\000u\000r\000a\000c\000y\000\040\000o\000f\000\040\000a\000\040\000R\000e\000c\000o\000m\000m\000e\000n\000d\000e\000r\000\040\000S\000y\000s\000t\000e\000m}{section.25}% 28
\BOOKMARK [3][-]{subsubsection.41}{\376\377\0002\000.\0003\000.\0007\000.\0001\000\040\000A\000c\000c\000u\000r\000a\000c\000y}{subsection.40}% 29
\BOOKMARK [3][-]{subsubsection.42}{\376\377\0002\000.\0003\000.\0007\000.\0002\000\040\000M\000e\000a\000n\000\040\000A\000b\000s\000o\000l\000u\000t\000e\000\040\000E\000r\000r\000o\000r}{subsection.40}% 30
\BOOKMARK [0][-]{chapter.43}{\376\377\0003\000\040\000S\000y\000s\000t\000e\000m\000\040\000A\000r\000c\000h\000i\000t\000e\000c\000t\000u\000r\000e}{}% 31
\BOOKMARK [1][-]{section.44}{\376\377\0003\000.\0001\000\040\000O\000v\000e\000r\000a\000l\000l\000\040\000s\000y\000s\000t\000e\000m\000\040\000a\000r\000c\000h\000i\000t\000e\000c\000t\000u\000r\000e}{chapter.43}% 32
\BOOKMARK [1][-]{section.46}{\376\377\0003\000.\0002\000\040\000W\000e\000b\000\040\000c\000r\000a\000w\000l\000e\000r\000s}{chapter.43}% 33
\BOOKMARK [1][-]{section.47}{\376\377\0003\000.\0003\000\040\000P\000r\000e\000p\000r\000o\000c\000e\000s\000s\000i\000n\000g}{chapter.43}% 34
\BOOKMARK [1][-]{section.50}{\376\377\0003\000.\0004\000\040\000S\000i\000m\000i\000l\000a\000r\000i\000t\000y\000\040\000M\000o\000d\000u\000l\000e}{chapter.43}% 35
\BOOKMARK [2][-]{subsection.51}{\376\377\0003\000.\0004\000.\0001\000\040\000C\000o\000r\000p\000u\000s\000\040\000b\000a\000s\000e\000d}{section.50}% 36
\BOOKMARK [2][-]{subsection.52}{\376\377\0003\000.\0004\000.\0002\000\040\000K\000n\000o\000w\000l\000e\000d\000g\000e\000\040\000b\000a\000s\000e\000d}{section.50}% 37
\BOOKMARK [1][-]{section.53}{\376\377\0003\000.\0005\000\040\000D\000o\000c\000u\000m\000e\000n\000t\000\040\000c\000l\000u\000s\000t\000e\000r\000i\000n\000g}{chapter.43}% 38
\BOOKMARK [1][-]{section.54}{\376\377\0003\000.\0006\000\040\000I\000m\000p\000l\000e\000m\000e\000n\000t\000a\000t\000i\000o\000n\000\040\000D\000e\000t\000a\000i\000l\000s}{chapter.43}% 39
\BOOKMARK [2][-]{subsection.55}{\376\377\0003\000.\0006\000.\0001\000\040\000D\000i\000s\000j\000o\000i\000n\000t\000\040\000s\000e\000t}{section.54}% 40
\BOOKMARK [3][-]{subsubsection.56}{\376\377\0003\000.\0006\000.\0001\000.\0001\000\040\000L\000i\000n\000k\000e\000d\000-\000L\000i\000s\000t\000\040\000I\000m\000p\000l\000e\000m\000e\000n\000t\000a\000t\000i\000o\000n}{subsection.55}% 41
\BOOKMARK [3][-]{subsubsection.59}{\376\377\0003\000.\0006\000.\0001\000.\0002\000\040\000D\000i\000s\000j\000o\000i\000n\000t\000-\000s\000e\000t\000\040\000I\000m\000p\000l\000e\000m\000e\000n\000t\000a\000t\000i\000o\000n\000:\000\040\000F\000o\000r\000e\000s\000t\000s}{subsection.55}% 42
\BOOKMARK [1][-]{section.61}{\376\377\0003\000.\0007\000\040\000R\000e\000c\000o\000m\000m\000e\000n\000d\000e\000r\000\040\000s\000y\000s\000t\000e\000m}{chapter.43}% 43
\BOOKMARK [2][-]{subsection.62}{\376\377\0003\000.\0007\000.\0001\000\040\000R\000e\000c\000o\000m\000m\000e\000n\000d\000i\000n\000g\000\040\000A\000p\000p\000r\000o\000a\000c\000h}{section.61}% 44
\BOOKMARK [2][-]{subsection.64}{\376\377\0003\000.\0007\000.\0002\000\040\000U\000s\000e\000r\000'\000s\000\040\000c\000o\000r\000r\000e\000l\000a\000t\000i\000o\000n}{section.61}% 45
\BOOKMARK [2][-]{subsection.65}{\376\377\0003\000.\0007\000.\0003\000\040\000U\000s\000e\000r\000\040\000P\000r\000o\000f\000i\000l\000e}{section.61}% 46
\BOOKMARK [2][-]{subsection.66}{\376\377\0003\000.\0007\000.\0004\000\040\000U\000s\000e\000r\000'\000s\000\040\000n\000e\000i\000g\000h\000b\000o\000r\000s}{section.61}% 47
\BOOKMARK [2][-]{subsection.67}{\376\377\0003\000.\0007\000.\0005\000\040\000G\000e\000t\000\040\000R\000e\000c\000o\000m\000m\000e\000n\000d\000a\000t\000i\000o\000n\000s}{section.61}% 48
\BOOKMARK [1][-]{section.69}{\376\377\0003\000.\0008\000\040\000U\000s\000e\000r\000\040\000P\000r\000o\000f\000i\000l\000e}{chapter.43}% 49
\BOOKMARK [1][-]{section.70}{\376\377\0003\000.\0009\000\040\000U\000s\000e\000r\000'\000s\000\040\000n\000e\000i\000g\000h\000b\000o\000r\000s}{chapter.43}% 50
\BOOKMARK [1][-]{section.71}{\376\377\0003\000.\0001\0000\000\040\000G\000e\000t\000\040\000R\000e\000c\000o\000m\000m\000e\000n\000d\000a\000t\000i\000o\000n\000s}{chapter.43}% 51
\BOOKMARK [0][-]{chapter.72}{\376\377\0004\000\040\000D\000o\000c\000u\000m\000e\000n\000t\000\040\000S\000i\000m\000i\000l\000a\000r\000i\000t\000y}{}% 52
\BOOKMARK [1][-]{section.73}{\376\377\0004\000.\0001\000\040\000L\000e\000x\000i\000c\000a\000l\000\040\000S\000i\000m\000i\000l\000a\000r\000i\000t\000y}{chapter.72}% 53
\BOOKMARK [2][-]{subsection.74}{\376\377\0004\000.\0001\000.\0001\000\040\000D\000o\000c\000u\000m\000e\000n\000t\000\040\000R\000e\000p\000r\000e\000s\000e\000n\000a\000t\000a\000t\000i\000o\000n}{section.73}% 54
\BOOKMARK [2][-]{subsection.77}{\376\377\0004\000.\0001\000.\0002\000\040\000S\000i\000m\000i\000l\000a\000r\000i\000t\000y\000\040\000M\000e\000a\000s\000u\000r\000e\000s}{section.73}% 55
\BOOKMARK [3][-]{subsubsection.78}{\376\377\0004\000.\0001\000.\0002\000.\0001\000\040\000E\000c\000u\000l\000i\000d\000e\000a\000n\000\040\000D\000i\000s\000t\000a\000n\000c\000e}{subsection.77}% 56
\BOOKMARK [3][-]{subsubsection.79}{\376\377\0004\000.\0001\000.\0002\000.\0002\000\040\000C\000o\000s\000i\000n\000e\000\040\000S\000i\000m\000i\000l\000a\000r\000i\000t\000y}{subsection.77}% 57
\BOOKMARK [1][-]{section.81}{\376\377\0004\000.\0002\000\040\000S\000e\000m\000a\000n\000t\000i\000c\000\040\000S\000i\000m\000i\000l\000a\000r\000i\000t\000y}{chapter.72}% 58
\BOOKMARK [2][-]{subsection.83}{\376\377\0004\000.\0002\000.\0001\000\040\000C\000o\000r\000p\000u\000s\000\040\000B\000a\000s\000e\000d}{section.81}% 59
\BOOKMARK [3][-]{subsubsection.84}{\376\377\0004\000.\0002\000.\0001\000.\0001\000\040\000L\000S\000A\000\040\000f\000o\000r\000\040\000S\000e\000m\000a\000n\000t\000i\000c\000\040\000S\000i\000m\000i\000l\000a\000r\000i\000t\000y}{subsection.83}% 60
\BOOKMARK [2][-]{subsection.85}{\376\377\0004\000.\0002\000.\0002\000\040\000K\000n\000o\000w\000l\000e\000d\000g\000e\000\040\000B\000a\000s\000e\000d}{section.81}% 61
\BOOKMARK [3][-]{subsubsection.86}{\376\377\0004\000.\0002\000.\0002\000.\0001\000\040\000W\000u\000\040\000a\000n\000d\000\040\000P\000a\000l\000m\000e\000r}{subsection.85}% 62
\BOOKMARK [3][-]{subsubsection.88}{\376\377\0004\000.\0002\000.\0002\000.\0002\000\040\000A\000W\000N}{subsection.85}% 63
\BOOKMARK [3][-]{subsubsection.89}{\376\377\0004\000.\0002\000.\0002\000.\0003\000\040\000W\000i\000k\000i\000p\000e\000d\000i\000a}{subsection.85}% 64
\BOOKMARK [2][-]{subsection.90}{\376\377\0004\000.\0002\000.\0003\000\040\000T\000e\000r\000m\000\040\000W\000e\000i\000g\000t\000h\000i\000n\000g\000\040\000u\000s\000i\000n\000g\000\040\000S\000p\000e\000c\000i\000f\000i\000c\000i\000t\000y}{section.81}% 65
\BOOKMARK [3][-]{subsubsection.91}{\376\377\0004\000.\0002\000.\0003\000.\0001\000\040\000L\000a\000t\000e\000n\000t\000\040\000S\000e\000m\000a\000n\000t\000i\000c\000\040\000A\000n\000a\000l\000y\000s\000i\000s\000:}{subsection.90}% 66
\BOOKMARK [3][-]{subsubsection.92}{\376\377\0004\000.\0002\000.\0003\000.\0002\000\040\000I\000n\000v\000e\000r\000s\000e\000\040\000D\000o\000c\000u\000m\000e\000n\000t\000\040\000F\000r\000e\000q\000u\000e\000n\000c\000y\000:}{subsection.90}% 67
\BOOKMARK [2][-]{subsection.93}{\376\377\0004\000.\0002\000.\0004\000\040\000D\000i\000s\000a\000m\000b\000i\000g\000u\000a\000t\000i\000o\000n}{section.81}% 68
\BOOKMARK [3][-]{subsubsection.94}{\376\377\0004\000.\0002\000.\0004\000.\0001\000\040\000J\000I\000G\000S\000A\000W\000\040\000A\000l\000g\000o\000r\000i\000t\000h\000m}{subsection.93}% 69
\BOOKMARK [0][-]{chapter.95}{\376\377\0005\000\040\000D\000o\000c\000u\000m\000e\000n\000t\000\040\000C\000l\000u\000s\000t\000e\000r\000i\000n\000g}{}% 70
\BOOKMARK [1][-]{section.96}{\376\377\0005\000.\0001\000\040\000D\000y\000n\000a\000m\000i\000c\000\040\000m\000o\000d\000e\000l\000i\000n\000g\000\040\000a\000n\000d\000\040\000d\000i\000s\000t\000a\000n\000c\000e\000\040\000r\000e\000l\000a\000t\000e\000d\000n\000e\000s\000s\000\040\000c\000o\000n\000c\000e\000p\000t\000s}{chapter.95}% 71
\BOOKMARK [2][-]{subsection.97}{\376\377\0005\000.\0001\000.\0001\000\040\000D\000y\000n\000a\000m\000i\000c\000\040\000v\000s\000.\000\040\000s\000t\000a\000t\000i\000c\000\040\000m\000o\000d\000e\000l\000s}{section.96}% 72
\BOOKMARK [2][-]{subsection.98}{\376\377\0005\000.\0001\000.\0002\000\040\000D\000i\000s\000t\000a\000n\000c\000e\000-\000b\000a\000s\000e\000d\000\040\000d\000e\000n\000s\000i\000t\000y}{section.96}% 73
\BOOKMARK [1][-]{section.100}{\376\377\0005\000.\0002\000\040\000P\000r\000o\000p\000o\000s\000e\000d\000\040\000d\000i\000s\000t\000a\000n\000c\000e\000\040\000r\000e\000l\000a\000t\000e\000d\000n\000e\000s\000s\000\040\000d\000y\000n\000a\000m\000i\000c\000\040\000m\000o\000d\000e\000l}{chapter.95}% 74
\BOOKMARK [2][-]{subsection.102}{\376\377\0005\000.\0002\000.\0001\000\040\000D\000i\000s\000t\000a\000n\000c\000e\000\040\000c\000o\000n\000s\000i\000s\000t\000e\000n\000c\000y\000\040\000d\000e\000f\000i\000n\000i\000t\000i\000o\000n\000s}{section.100}% 75
\BOOKMARK [1][-]{section.103}{\376\377\0005\000.\0003\000\040\000A\000l\000g\000o\000r\000i\000t\000h\000m\000s\000\040\000p\000h\000a\000s\000e\000s}{chapter.95}% 76
\BOOKMARK [1][-]{section.104}{\376\377\0005\000.\0004\000\040\000I\000m\000p\000l\000e\000m\000e\000n\000t\000a\000t\000i\000o\000n\000\040\000D\000e\000t\000a\000i\000l\000s}{chapter.95}% 77
\BOOKMARK [1][-]{section.106}{\376\377\0005\000.\0005\000\040\000L\000o\000a\000d\000i\000n\000g\000\040\000a\000s\000s\000o\000c\000i\000a\000t\000i\000o\000n\000s}{chapter.95}% 78
\BOOKMARK [2][-]{subsection.109}{\376\377\0005\000.\0005\000.\0001\000\040\000D\000i\000s\000j\000o\000i\000n\000t\000\040\000s\000e\000t}{section.106}% 79
\BOOKMARK [3][-]{subsubsection.110}{\376\377\0005\000.\0005\000.\0001\000.\0001\000\040\000L\000i\000n\000k\000e\000d\000-\000L\000i\000s\000t\000\040\000I\000m\000p\000l\000e\000m\000e\000n\000t\000a\000t\000i\000o\000n}{subsection.109}% 80
\BOOKMARK [3][-]{subsubsection.113}{\376\377\0005\000.\0005\000.\0001\000.\0002\000\040\000D\000i\000s\000j\000o\000i\000n\000t\000-\000s\000e\000t\000\040\000I\000m\000p\000l\000e\000m\000e\000n\000t\000a\000t\000i\000o\000n\000:\000\040\000F\000o\000r\000e\000s\000t\000s}{subsection.109}% 81
\BOOKMARK [0][-]{chapter.115}{\376\377\0006\000\040\000R\000e\000c\000o\000m\000m\000e\000n\000d\000e\000r\000\040\000S\000y\000s\000t\000e\000m\000s}{}% 82
\BOOKMARK [1][-]{section.116}{\376\377\0006\000.\0001\000\040\000I\000n\000t\000r\000o\000d\000u\000c\000t\000i\000o\000n}{chapter.115}% 83
\BOOKMARK [1][-]{section.117}{\376\377\0006\000.\0002\000\040\000R\000e\000c\000o\000m\000m\000e\000n\000d\000a\000t\000i\000o\000n\000\040\000P\000r\000o\000b\000l\000e\000m}{chapter.115}% 84
\BOOKMARK [1][-]{section.120}{\376\377\0006\000.\0003\000\040\000C\000o\000n\000t\000e\000n\000t\000-\000B\000a\000s\000e\000d\000\040\000M\000e\000t\000h\000o\000d\000s}{chapter.115}% 85
\BOOKMARK [2][-]{subsection.127}{\376\377\0006\000.\0003\000.\0001\000\040\000L\000i\000m\000i\000t\000a\000t\000i\000o\000n}{section.120}% 86
\BOOKMARK [3][-]{subsubsection.128}{\376\377\0006\000.\0003\000.\0001\000.\0001\000\040\000L\000i\000m\000i\000t\000e\000d\000\040\000C\000o\000n\000t\000e\000n\000t\000\040\000A\000n\000a\000l\000y\000s\000i\000s}{subsection.127}% 87
\BOOKMARK [3][-]{subsubsection.129}{\376\377\0006\000.\0003\000.\0001\000.\0002\000\040\000O\000v\000e\000r\000-\000S\000p\000e\000c\000i\000a\000l\000i\000z\000a\000t\000i\000o\000n}{subsection.127}% 88
\BOOKMARK [3][-]{subsubsection.130}{\376\377\0006\000.\0003\000.\0001\000.\0003\000\040\000N\000e\000w\000\040\000U\000s\000e\000r\000\040\000P\000r\000o\000b\000l\000e\000m}{subsection.127}% 89
\BOOKMARK [1][-]{section.131}{\376\377\0006\000.\0004\000\040\000C\000o\000l\000l\000a\000b\000o\000r\000a\000t\000i\000v\000e\000\040\000M\000e\000t\000h\000o\000d\000s}{chapter.115}% 90
\BOOKMARK [2][-]{subsection.132}{\376\377\0006\000.\0004\000.\0001\000\040\000C\000o\000l\000l\000a\000b\000o\000r\000a\000t\000i\000v\000e\000\040\000r\000e\000c\000o\000m\000m\000e\000n\000d\000a\000t\000i\000o\000n\000s\000\040\000a\000l\000g\000o\000r\000i\000t\000h\000m\000s}{section.131}% 91
\BOOKMARK [2][-]{subsection.138}{\376\377\0006\000.\0004\000.\0002\000\040\000C\000o\000m\000p\000u\000t\000i\000n\000g\000\040\000s\000i\000m\000i\000l\000a\000r\000i\000t\000y\000\040\000b\000e\000t\000w\000e\000e\000n\000\040\000u\000s\000e\000r\000s}{section.131}% 92
\BOOKMARK [3][-]{subsubsection.139}{\376\377\0006\000.\0004\000.\0002\000.\0001\000\040\000C\000o\000r\000r\000e\000l\000a\000t\000i\000o\000n\000\040\000b\000a\000s\000e\000d\000\040\000s\000i\000m\000i\000l\000a\000r\000i\000t\000y}{subsection.138}% 93
\BOOKMARK [3][-]{subsubsection.141}{\376\377\0006\000.\0004\000.\0002\000.\0002\000\040\000C\000o\000s\000i\000n\000e\000\040\000b\000a\000s\000e\000d\000\040\000s\000i\000m\000i\000l\000a\000r\000i\000t\000y}{subsection.138}% 94
\BOOKMARK [2][-]{subsection.143}{\376\377\0006\000.\0004\000.\0003\000\040\000C\000l\000u\000s\000t\000e\000r\000\040\000m\000o\000d\000e\000l\000s}{section.131}% 95
\BOOKMARK [2][-]{subsection.144}{\376\377\0006\000.\0004\000.\0004\000\040\000B\000a\000y\000e\000s\000i\000a\000n\000\040\000n\000e\000t\000w\000o\000r\000k\000s}{section.131}% 96
\BOOKMARK [2][-]{subsection.145}{\376\377\0006\000.\0004\000.\0005\000\040\000D\000e\000f\000a\000u\000l\000t\000\040\000V\000o\000t\000i\000n\000g}{section.131}% 97
\BOOKMARK [2][-]{subsection.146}{\376\377\0006\000.\0004\000.\0006\000\040\000L\000i\000m\000i\000t\000a\000t\000i\000o\000n}{section.131}% 98
\BOOKMARK [3][-]{subsubsection.147}{\376\377\0006\000.\0004\000.\0006\000.\0001\000\040\000N\000e\000w\000\040\000u\000s\000e\000r\000\040\000p\000r\000o\000b\000l\000e\000m}{subsection.146}% 99
\BOOKMARK [3][-]{subsubsection.148}{\376\377\0006\000.\0004\000.\0006\000.\0002\000\040\000N\000e\000w\000\040\000i\000t\000e\000m\000\040\000p\000r\000o\000b\000l\000e\000m}{subsection.146}% 100
\BOOKMARK [3][-]{subsubsection.149}{\376\377\0006\000.\0004\000.\0006\000.\0003\000\040\000S\000p\000a\000r\000s\000i\000t\000y}{subsection.146}% 101
\BOOKMARK [1][-]{section.150}{\376\377\0006\000.\0005\000\040\000H\000y\000b\000r\000i\000d\000\040\000M\000e\000t\000h\000o\000d\000s}{chapter.115}% 102
\BOOKMARK [2][-]{subsection.151}{\376\377\0006\000.\0005\000.\0001\000\040\000C\000o\000m\000b\000i\000n\000i\000n\000g\000\040\000s\000e\000p\000a\000r\000a\000t\000e\000\040\000r\000e\000c\000o\000m\000m\000e\000n\000d\000e\000r\000s}{section.150}% 103
\BOOKMARK [2][-]{subsection.152}{\376\377\0006\000.\0005\000.\0002\000\040\000A\000d\000d\000i\000n\000g\000\040\000c\000o\000n\000t\000e\000n\000t\000-\000b\000a\000s\000e\000d\000\040\000c\000h\000a\000r\000a\000c\000t\000e\000r\000i\000s\000t\000i\000c\000s\000\040\000t\000o\000\040\000c\000o\000l\000l\000a\000b\000o\000r\000a\000t\000i\000v\000e\000\040\000m\000o\000d\000e\000l\000s}{section.150}% 104
\BOOKMARK [2][-]{subsection.153}{\376\377\0006\000.\0005\000.\0003\000\040\000A\000d\000d\000i\000n\000g\000\040\000c\000o\000l\000l\000a\000b\000o\000r\000a\000t\000i\000v\000e\000\040\000c\000h\000a\000r\000a\000c\000t\000e\000r\000i\000s\000t\000i\000c\000s\000\040\000t\000o\000\040\000c\000o\000n\000t\000e\000n\000t\000-\000b\000a\000s\000e\000d\000\040\000m\000o\000d\000e\000l\000s}{section.150}% 105
\BOOKMARK [2][-]{subsection.154}{\376\377\0006\000.\0005\000.\0004\000\040\000D\000e\000v\000e\000l\000o\000p\000i\000n\000g\000\040\000a\000\040\000s\000i\000n\000g\000l\000e\000\040\000u\000n\000i\000f\000y\000i\000n\000g\000\040\000r\000e\000c\000o\000m\000m\000e\000n\000d\000a\000t\000i\000o\000n\000\040\000m\000o\000d\000e\000l}{section.150}% 106
\BOOKMARK [1][-]{section.155}{\376\377\0006\000.\0006\000\040\000D\000e\000m\000o\000g\000r\000a\000p\000h\000i\000c\000-\000b\000a\000s\000e\000d\000\040\000M\000e\000t\000h\000o\000d\000s}{chapter.115}% 107
\BOOKMARK [1][-]{section.156}{\376\377\0006\000.\0007\000\040\000C\000o\000l\000l\000a\000b\000o\000r\000a\000t\000i\000o\000n\000\040\000v\000i\000a\000\040\000c\000o\000n\000t\000e\000n\000t}{chapter.115}% 108
\BOOKMARK [1][-]{section.157}{\376\377\0006\000.\0008\000\040\000B\000u\000i\000l\000d\000i\000n\000g\000\040\000u\000s\000e\000r\000\040\000P\000r\000o\000f\000i\000l\000e}{chapter.115}% 109
\BOOKMARK [1][-]{section.161}{\376\377\0006\000.\0009\000\040\000U\000s\000e\000r\000'\000s\000\040\000F\000e\000e\000d\000b\000a\000c\000k}{chapter.115}% 110
\BOOKMARK [1][-]{section.162}{\376\377\0006\000.\0001\0000\000\040\000C\000o\000l\000l\000a\000b\000o\000r\000a\000t\000i\000o\000n\000\040\000v\000i\000a\000\040\000c\000o\000n\000t\000e\000n\000t}{chapter.115}% 111
\BOOKMARK [2][-]{subsection.163}{\376\377\0006\000.\0001\0000\000.\0001\000\040\000E\000x\000p\000l\000i\000c\000i\000t\000\040\000f\000e\000e\000d\000b\000a\000c\000k}{section.162}% 112
\BOOKMARK [2][-]{subsection.164}{\376\377\0006\000.\0001\0000\000.\0002\000\040\000I\000m\000p\000l\000i\000c\000i\000t\000\040\000f\000e\000e\000d\000b\000a\000c\000k}{section.162}% 113
\BOOKMARK [1][-]{section.165}{\376\377\0006\000.\0001\0001\000\040\000U\000s\000i\000n\000g\000\040\000L\000S\000A\000\040\000i\000n\000\040\000R\000e\000c\000o\000m\000m\000e\000n\000d\000a\000t\000i\000o\000n}{chapter.115}% 114
\BOOKMARK [2][-]{subsection.166}{\376\377\0006\000.\0001\0001\000.\0001\000\040\000A\000d\000v\000a\000n\000t\000a\000g\000e\000\040\000o\000f\000\040\000u\000s\000i\000n\000g\000\040\000L\000S\000A}{section.165}% 115
\BOOKMARK [0][-]{chapter.167}{\376\377\0007\000\040\000T\000o\000o\000l\000s}{}% 116
\BOOKMARK [1][-]{section.168}{\376\377\0007\000.\0001\000\040\000T\000e\000x\000t\000\040\000P\000r\000e\000p\000r\000o\000c\000e\000s\000s\000i\000n\000g}{chapter.167}% 117
\BOOKMARK [2][-]{subsection.169}{\376\377\0007\000.\0001\000.\0001\000\040\000P\000a\000r\000t\000\040\000o\000f\000\040\000s\000p\000e\000e\000c\000h\000\040\000t\000a\000g\000g\000i\000n\000g}{section.168}% 118
\BOOKMARK [2][-]{subsection.170}{\376\377\0007\000.\0001\000.\0002\000\040\000S\000t\000e\000m\000m\000i\000n\000g}{section.168}% 119
\BOOKMARK [3][-]{subsubsection.174}{\376\377\0007\000.\0001\000.\0002\000.\0001\000\040\000S\000t\000e\000m\000m\000i\000n\000g\000\040\000b\000a\000s\000e\000d\000\040\000o\000n\000\040\000p\000a\000t\000t\000e\000r\000n\000\040\000a\000n\000d\000\040\000a\000f\000f\000i\000x\000e\000s}{subsection.170}% 120
\BOOKMARK [3][-]{subsubsection.177}{\376\377\0007\000.\0001\000.\0002\000.\0002\000\040\000A\000r\000a\000b\000i\000c\000\040\000L\000i\000g\000h\000t\000\040\000S\000t\000e\000m\000m\000e\000r\000s}{subsection.170}% 121
\BOOKMARK [1][-]{section.178}{\376\377\0007\000.\0002\000\040\000A\000W\000N}{chapter.167}% 122
\BOOKMARK [1][-]{section.179}{\376\377\0007\000.\0003\000\040\000C\000r\000a\000w\000l\000e\000r\000s}{chapter.167}% 123
\BOOKMARK [2][-]{subsection.180}{\376\377\0007\000.\0003\000.\0001\000\040\000B\000a\000s\000i\000c\000\040\000c\000o\000n\000c\000e\000p\000t}{section.179}% 124
\BOOKMARK [1][-]{section.182}{\376\377\0007\000.\0004\000\040\000C\000o\000r\000p\000u\000s}{chapter.167}% 125
\BOOKMARK [1][-]{section.183}{\376\377\0007\000.\0005\000\040\000L\000S\000A\000\040\000T\000o\000o\000l\000s}{chapter.167}% 126
\BOOKMARK [2][-]{subsection.184}{\376\377\0007\000.\0005\000.\0001\000\040\000P\000y\000t\000h\000o\000n}{section.183}% 127
\BOOKMARK [3][-]{subsubsection.185}{\376\377\0007\000.\0005\000.\0001\000.\0001\000\040\000D\000e\000s\000c\000r\000i\000p\000t\000i\000o\000n}{subsection.184}% 128
\BOOKMARK [3][-]{subsubsection.186}{\376\377\0007\000.\0005\000.\0001\000.\0002\000\040\000U\000s\000a\000g\000e}{subsection.184}% 129
\BOOKMARK [2][-]{subsection.187}{\376\377\0007\000.\0005\000.\0002\000\040\000D\000I\000V\000I\000S\000I\0002}{section.183}% 130
\BOOKMARK [3][-]{subsubsection.188}{\376\377\0007\000.\0005\000.\0002\000.\0001\000\040\000D\000e\000s\000c\000r\000i\000p\000t\000i\000o\000n}{subsection.187}% 131
\BOOKMARK [3][-]{subsubsection.189}{\376\377\0007\000.\0005\000.\0002\000.\0002\000\040\000U\000s\000a\000g\000e}{subsection.187}% 132
\BOOKMARK [2][-]{subsection.190}{\376\377\0007\000.\0005\000.\0003\000\040\000P\000y\000T\000a\000b\000l\000e\000s}{section.183}% 133
\BOOKMARK [3][-]{subsubsection.191}{\376\377\0007\000.\0005\000.\0003\000.\0001\000\040\000D\000e\000s\000c\000r\000i\000p\000t\000i\000o\000n}{subsection.190}% 134
\BOOKMARK [3][-]{subsubsection.192}{\376\377\0007\000.\0005\000.\0003\000.\0002\000\040\000U\000s\000a\000g\000e}{subsection.190}% 135
\BOOKMARK [2][-]{subsection.193}{\376\377\0007\000.\0005\000.\0004\000\040\000N\000u\000m\000p\000y}{section.183}% 136
\BOOKMARK [3][-]{subsubsection.194}{\376\377\0007\000.\0005\000.\0004\000.\0001\000\040\000D\000e\000s\000c\000r\000i\000p\000t\000i\000o\000n}{subsection.193}% 137
\BOOKMARK [3][-]{subsubsection.195}{\376\377\0007\000.\0005\000.\0004\000.\0002\000\040\000U\000s\000a\000g\000e}{subsection.193}% 138
\BOOKMARK [0][-]{dummy.196}{\376\377\000B\000i\000b\000l\000i\000o\000g\000r\000a\000p\000h\000y}{}% 139
